{"/Users/andela/Documents/Work/Document-Management-System/server/tests/helpers.js":{"path":"/Users/andela/Documents/Work/Document-Management-System/server/tests/helpers.js","statementMap":{"0":{"start":{"line":3,"column":17},"end":{"line":3,"column":37}},"1":{"start":{"line":5,"column":18},"end":{"line":5,"column":52}},"2":{"start":{"line":7,"column":12},"end":{"line":7,"column":27}},"3":{"start":{"line":9,"column":13},"end":{"line":9,"column":42}},"4":{"start":{"line":11,"column":20},"end":{"line":11,"column":43}},"5":{"start":{"line":13,"column":21},"end":{"line":13,"column":58}},"6":{"start":{"line":15,"column":14},"end":{"line":15,"column":37}},"7":{"start":{"line":17,"column":15},"end":{"line":17,"column":46}},"8":{"start":{"line":19,"column":13},"end":{"line":19,"column":39}},"9":{"start":{"line":21,"column":14},"end":{"line":21,"column":44}},"10":{"start":{"line":23,"column":17},"end":{"line":23,"column":40}},"11":{"start":{"line":25,"column":18},"end":{"line":25,"column":52}},"12":{"start":{"line":27,"column":39},"end":{"line":27,"column":93}},"13":{"start":{"line":32,"column":0},"end":{"line":32,"column":30}},"14":{"start":{"line":33,"column":0},"end":{"line":33,"column":60}},"15":{"start":{"line":34,"column":0},"end":{"line":34,"column":38}},"16":{"start":{"line":35,"column":0},"end":{"line":35,"column":28}},"17":{"start":{"line":36,"column":0},"end":{"line":36,"column":35}},"18":{"start":{"line":37,"column":0},"end":{"line":37,"column":36}}},"fnMap":{"0":{"name":"_interopRequireDefault","decl":{"start":{"line":27,"column":9},"end":{"line":27,"column":31}},"loc":{"start":{"line":27,"column":37},"end":{"line":27,"column":95}},"line":27}},"branchMap":{"0":{"loc":{"start":{"line":27,"column":46},"end":{"line":27,"column":92}},"type":"cond-expr","locations":[{"start":{"line":27,"column":70},"end":{"line":27,"column":73}},{"start":{"line":27,"column":76},"end":{"line":27,"column":92}}],"line":27},"1":{"loc":{"start":{"line":27,"column":46},"end":{"line":27,"column":67}},"type":"binary-expr","locations":[{"start":{"line":27,"column":46},"end":{"line":27,"column":49}},{"start":{"line":27,"column":53},"end":{"line":27,"column":67}}],"line":27}},"s":{"0":1,"1":1,"2":1,"3":1,"4":1,"5":1,"6":1,"7":1,"8":1,"9":1,"10":1,"11":1,"12":6,"13":1,"14":1,"15":1,"16":1,"17":1,"18":1},"f":{"0":6},"b":{"0":[1,5],"1":[6,6]},"_coverageSchema":"332fd63041d2c1bcb487cc26dd0d5f7d97098a6c","hash":"d1154b11fb7f9e56e979351d688f6c187c19fe92","contentHash":"0435366d56050d51afbff3fd8142c08b_10.2.0"},"/Users/andela/Documents/Work/Document-Management-System/server.js":{"path":"/Users/andela/Documents/Work/Document-Management-System/server.js","statementMap":{"0":{"start":{"line":3,"column":14},"end":{"line":3,"column":32}},"1":{"start":{"line":4,"column":27},"end":{"line":4,"column":60}},"2":{"start":{"line":5,"column":27},"end":{"line":5,"column":60}},"3":{"start":{"line":6,"column":20},"end":{"line":6,"column":47}},"4":{"start":{"line":7,"column":11},"end":{"line":7,"column":26}},"5":{"start":{"line":8,"column":14},"end":{"line":8,"column":32}},"6":{"start":{"line":9,"column":13},"end":{"line":9,"column":35}},"7":{"start":{"line":10,"column":12},"end":{"line":10,"column":38}},"8":{"start":{"line":12,"column":0},"end":{"line":12,"column":27}},"9":{"start":{"line":14,"column":10},"end":{"line":14,"column":19}},"10":{"start":{"line":16,"column":0},"end":{"line":23,"column":1}},"11":{"start":{"line":17,"column":17},"end":{"line":17,"column":39}},"12":{"start":{"line":18,"column":2},"end":{"line":21,"column":6}},"13":{"start":{"line":22,"column":2},"end":{"line":22,"column":42}},"14":{"start":{"line":24,"column":0},"end":{"line":24,"column":61}},"15":{"start":{"line":25,"column":0},"end":{"line":27,"column":3}},"16":{"start":{"line":26,"column":2},"end":{"line":26,"column":54}},"17":{"start":{"line":29,"column":11},"end":{"line":29,"column":35}},"18":{"start":{"line":31,"column":0},"end":{"line":31,"column":47}},"19":{"start":{"line":32,"column":0},"end":{"line":32,"column":23}},"20":{"start":{"line":34,"column":0},"end":{"line":34,"column":31}},"21":{"start":{"line":35,"column":0},"end":{"line":35,"column":33}},"22":{"start":{"line":36,"column":0},"end":{"line":36,"column":35}},"23":{"start":{"line":38,"column":0},"end":{"line":40,"column":3}},"24":{"start":{"line":39,"column":2},"end":{"line":39,"column":43}},"25":{"start":{"line":42,"column":0},"end":{"line":42,"column":21}}},"fnMap":{"0":{"name":"(anonymous_0)","decl":{"start":{"line":25,"column":18},"end":{"line":25,"column":19}},"loc":{"start":{"line":25,"column":38},"end":{"line":27,"column":1}},"line":25},"1":{"name":"(anonymous_1)","decl":{"start":{"line":38,"column":17},"end":{"line":38,"column":18}},"loc":{"start":{"line":38,"column":29},"end":{"line":40,"column":1}},"line":38}},"branchMap":{"0":{"loc":{"start":{"line":16,"column":0},"end":{"line":23,"column":1}},"type":"if","locations":[{"start":{"line":16,"column":0},"end":{"line":23,"column":1}},{"start":{"line":16,"column":0},"end":{"line":23,"column":1}}],"line":16},"1":{"loc":{"start":{"line":29,"column":11},"end":{"line":29,"column":35}},"type":"binary-expr","locations":[{"start":{"line":29,"column":11},"end":{"line":29,"column":27}},{"start":{"line":29,"column":31},"end":{"line":29,"column":35}}],"line":29}},"s":{"0":1,"1":1,"2":1,"3":1,"4":1,"5":1,"6":1,"7":1,"8":1,"9":1,"10":1,"11":0,"12":0,"13":0,"14":1,"15":1,"16":0,"17":1,"18":1,"19":1,"20":1,"21":1,"22":1,"23":1,"24":1,"25":1},"f":{"0":0,"1":1},"b":{"0":[0,1],"1":[1,1]},"_coverageSchema":"332fd63041d2c1bcb487cc26dd0d5f7d97098a6c","hash":"a4b99897e8d9a56e0253a800de029c314d7ee3b0","contentHash":"d7d047efbfd6dd0d4c376344eb54d5c9_10.2.0"},"/Users/andela/Documents/Work/Document-Management-System/webpack.config.js":{"path":"/Users/andela/Documents/Work/Document-Management-System/webpack.config.js","statementMap":{"0":{"start":{"line":3,"column":14},"end":{"line":3,"column":32}},"1":{"start":{"line":4,"column":11},"end":{"line":4,"column":26}},"2":{"start":{"line":5,"column":24},"end":{"line":5,"column":62}},"3":{"start":{"line":7,"column":0},"end":{"line":47,"column":2}}},"fnMap":{},"branchMap":{},"s":{"0":1,"1":1,"2":1,"3":1},"f":{},"b":{},"_coverageSchema":"332fd63041d2c1bcb487cc26dd0d5f7d97098a6c","hash":"4cc85c64529637094bd4fed1f5e4d4613d6a3b92","contentHash":"3c31d69464398d920dc6e8ec8f080d08_10.2.0"},"/Users/andela/Documents/Work/Document-Management-System/server/routes/index.js":{"path":"/Users/andela/Documents/Work/Document-Management-System/server/routes/index.js","statementMap":{"0":{"start":{"line":3,"column":0},"end":{"line":5,"column":3}},"1":{"start":{"line":6,"column":0},"end":{"line":6,"column":79}},"2":{"start":{"line":8,"column":12},"end":{"line":8,"column":29}},"3":{"start":{"line":10,"column":13},"end":{"line":10,"column":42}},"4":{"start":{"line":12,"column":14},"end":{"line":12,"column":33}},"5":{"start":{"line":14,"column":15},"end":{"line":14,"column":46}},"6":{"start":{"line":16,"column":16},"end":{"line":16,"column":37}},"7":{"start":{"line":18,"column":17},"end":{"line":18,"column":50}},"8":{"start":{"line":20,"column":39},"end":{"line":20,"column":93}},"9":{"start":{"line":22,"column":0},"end":{"line":22,"column":36}},"10":{"start":{"line":23,"column":0},"end":{"line":23,"column":44}},"11":{"start":{"line":24,"column":0},"end":{"line":24,"column":40}}},"fnMap":{"0":{"name":"_interopRequireDefault","decl":{"start":{"line":20,"column":9},"end":{"line":20,"column":31}},"loc":{"start":{"line":20,"column":37},"end":{"line":20,"column":95}},"line":20}},"branchMap":{"0":{"loc":{"start":{"line":20,"column":46},"end":{"line":20,"column":92}},"type":"cond-expr","locations":[{"start":{"line":20,"column":70},"end":{"line":20,"column":73}},{"start":{"line":20,"column":76},"end":{"line":20,"column":92}}],"line":20},"1":{"loc":{"start":{"line":20,"column":46},"end":{"line":20,"column":67}},"type":"binary-expr","locations":[{"start":{"line":20,"column":46},"end":{"line":20,"column":49}},{"start":{"line":20,"column":53},"end":{"line":20,"column":67}}],"line":20}},"s":{"0":1,"1":1,"2":1,"3":1,"4":1,"5":1,"6":1,"7":1,"8":3,"9":1,"10":1,"11":1},"f":{"0":3},"b":{"0":[3,0],"1":[3,3]},"_coverageSchema":"332fd63041d2c1bcb487cc26dd0d5f7d97098a6c","hash":"9405724cf91a0b0f5eb63584db8fc0388718405e","contentHash":"3032dbe95932290599c5f441e9f1c17e_10.2.0"},"/Users/andela/Documents/Work/Document-Management-System/server/routes/user.js":{"path":"/Users/andela/Documents/Work/Document-Management-System/server/routes/user.js","statementMap":{"0":{"start":{"line":3,"column":0},"end":{"line":5,"column":3}},"1":{"start":{"line":7,"column":15},"end":{"line":7,"column":33}},"2":{"start":{"line":9,"column":16},"end":{"line":9,"column":48}},"3":{"start":{"line":11,"column":13},"end":{"line":11,"column":44}},"4":{"start":{"line":13,"column":18},"end":{"line":13,"column":54}},"5":{"start":{"line":15,"column":19},"end":{"line":15,"column":54}},"6":{"start":{"line":17,"column":12},"end":{"line":17,"column":42}},"7":{"start":{"line":19,"column":13},"end":{"line":19,"column":42}},"8":{"start":{"line":21,"column":14},"end":{"line":21,"column":42}},"9":{"start":{"line":23,"column":39},"end":{"line":23,"column":93}},"10":{"start":{"line":25,"column":17},"end":{"line":25,"column":43}},"11":{"start":{"line":27,"column":0},"end":{"line":31,"column":3}},"12":{"start":{"line":28,"column":2},"end":{"line":30,"column":5}},"13":{"start":{"line":87,"column":0},"end":{"line":159,"column":21}},"14":{"start":{"line":161,"column":0},"end":{"line":241,"column":83}},"15":{"start":{"line":273,"column":0},"end":{"line":273,"column":50}},"16":{"start":{"line":296,"column":0},"end":{"line":296,"column":149}},"17":{"start":{"line":298,"column":0},"end":{"line":298,"column":29}}},"fnMap":{"0":{"name":"_interopRequireDefault","decl":{"start":{"line":23,"column":9},"end":{"line":23,"column":31}},"loc":{"start":{"line":23,"column":37},"end":{"line":23,"column":95}},"line":23},"1":{"name":"(anonymous_1)","decl":{"start":{"line":27,"column":26},"end":{"line":27,"column":27}},"loc":{"start":{"line":27,"column":46},"end":{"line":31,"column":1}},"line":27}},"branchMap":{"0":{"loc":{"start":{"line":23,"column":46},"end":{"line":23,"column":92}},"type":"cond-expr","locations":[{"start":{"line":23,"column":70},"end":{"line":23,"column":73}},{"start":{"line":23,"column":76},"end":{"line":23,"column":92}}],"line":23},"1":{"loc":{"start":{"line":23,"column":46},"end":{"line":23,"column":67}},"type":"binary-expr","locations":[{"start":{"line":23,"column":46},"end":{"line":23,"column":49}},{"start":{"line":23,"column":53},"end":{"line":23,"column":67}}],"line":23}},"s":{"0":1,"1":1,"2":1,"3":1,"4":1,"5":1,"6":1,"7":1,"8":1,"9":3,"10":1,"11":1,"12":0,"13":1,"14":1,"15":1,"16":1,"17":1},"f":{"0":3,"1":0},"b":{"0":[2,1],"1":[3,3]},"_coverageSchema":"332fd63041d2c1bcb487cc26dd0d5f7d97098a6c","hash":"c7924cf79895b7c9cf36b1801aa34c1277af0678","contentHash":"6cb4f36d0f130f102564d92ce4c2e303_10.2.0"},"/Users/andela/Documents/Work/Document-Management-System/server/controllers/users.js":{"path":"/Users/andela/Documents/Work/Document-Management-System/server/controllers/users.js","statementMap":{"0":{"start":{"line":3,"column":0},"end":{"line":5,"column":3}},"1":{"start":{"line":6,"column":0},"end":{"line":6,"column":151}},"2":{"start":{"line":8,"column":14},"end":{"line":8,"column":268}},"3":{"start":{"line":8,"column":101},"end":{"line":8,"column":119}},"4":{"start":{"line":8,"column":141},"end":{"line":8,"column":266}},"5":{"start":{"line":10,"column":20},"end":{"line":10,"column":43}},"6":{"start":{"line":12,"column":21},"end":{"line":12,"column":58}},"7":{"start":{"line":14,"column":13},"end":{"line":14,"column":39}},"8":{"start":{"line":16,"column":14},"end":{"line":16,"column":44}},"9":{"start":{"line":18,"column":19},"end":{"line":18,"column":53}},"10":{"start":{"line":20,"column":20},"end":{"line":20,"column":56}},"11":{"start":{"line":22,"column":14},"end":{"line":22,"column":42}},"12":{"start":{"line":24,"column":39},"end":{"line":24,"column":93}},"13":{"start":{"line":26,"column":13},"end":{"line":52,"column":1}},"14":{"start":{"line":27,"column":2},"end":{"line":31,"column":3}},"15":{"start":{"line":28,"column":4},"end":{"line":30,"column":7}},"16":{"start":{"line":32,"column":2},"end":{"line":51,"column":5}},"17":{"start":{"line":33,"column":18},"end":{"line":37,"column":5}},"18":{"start":{"line":38,"column":4},"end":{"line":44,"column":7}},"19":{"start":{"line":46,"column":16},"end":{"line":46,"column":50}},"20":{"start":{"line":47,"column":4},"end":{"line":50,"column":7}},"21":{"start":{"line":54,"column":26},"end":{"line":73,"column":1}},"22":{"start":{"line":55,"column":11},"end":{"line":55,"column":25}},"23":{"start":{"line":56,"column":14},"end":{"line":56,"column":20}},"24":{"start":{"line":57,"column":2},"end":{"line":63,"column":3}},"25":{"start":{"line":58,"column":4},"end":{"line":58,"column":50}},"26":{"start":{"line":59,"column":9},"end":{"line":63,"column":3}},"27":{"start":{"line":60,"column":4},"end":{"line":60,"column":113}},"28":{"start":{"line":62,"column":4},"end":{"line":62,"column":63}},"29":{"start":{"line":64,"column":2},"end":{"line":72,"column":3}},"30":{"start":{"line":65,"column":4},"end":{"line":67,"column":7}},"31":{"start":{"line":66,"column":6},"end":{"line":66,"column":36}},"32":{"start":{"line":69,"column":4},"end":{"line":71,"column":7}},"33":{"start":{"line":70,"column":6},"end":{"line":70,"column":39}},"34":{"start":{"line":75,"column":14},"end":{"line":91,"column":1}},"35":{"start":{"line":76,"column":13},"end":{"line":78,"column":3}},"36":{"start":{"line":79,"column":2},"end":{"line":81,"column":3}},"37":{"start":{"line":80,"column":4},"end":{"line":80,"column":63}},"38":{"start":{"line":82,"column":2},"end":{"line":90,"column":5}},"39":{"start":{"line":83,"column":4},"end":{"line":83,"column":31}},"40":{"start":{"line":85,"column":16},"end":{"line":85,"column":50}},"41":{"start":{"line":86,"column":4},"end":{"line":89,"column":7}},"42":{"start":{"line":93,"column":14},"end":{"line":109,"column":1}},"43":{"start":{"line":94,"column":14},"end":{"line":94,"column":20}},"44":{"start":{"line":95,"column":15},"end":{"line":95,"column":21}},"45":{"start":{"line":96,"column":14},"end":{"line":98,"column":80}},"46":{"start":{"line":99,"column":2},"end":{"line":101,"column":3}},"47":{"start":{"line":100,"column":4},"end":{"line":100,"column":64}},"48":{"start":{"line":102,"column":2},"end":{"line":105,"column":3}},"49":{"start":{"line":103,"column":4},"end":{"line":103,"column":35}},"50":{"start":{"line":104,"column":4},"end":{"line":104,"column":35}},"51":{"start":{"line":106,"column":2},"end":{"line":108,"column":5}},"52":{"start":{"line":107,"column":4},"end":{"line":107,"column":79}},"53":{"start":{"line":111,"column":17},"end":{"line":140,"column":1}},"54":{"start":{"line":112,"column":11},"end":{"line":112,"column":25}},"55":{"start":{"line":113,"column":14},"end":{"line":113,"column":20}},"56":{"start":{"line":114,"column":2},"end":{"line":128,"column":3}},"57":{"start":{"line":115,"column":4},"end":{"line":115,"column":21}},"58":{"start":{"line":116,"column":9},"end":{"line":128,"column":3}},"59":{"start":{"line":117,"column":4},"end":{"line":120,"column":7}},"60":{"start":{"line":121,"column":9},"end":{"line":128,"column":3}},"61":{"start":{"line":122,"column":4},"end":{"line":122,"column":21}},"62":{"start":{"line":124,"column":4},"end":{"line":127,"column":7}},"63":{"start":{"line":129,"column":2},"end":{"line":139,"column":5}},"64":{"start":{"line":132,"column":4},"end":{"line":132,"column":24}},"65":{"start":{"line":134,"column":16},"end":{"line":134,"column":50}},"66":{"start":{"line":135,"column":4},"end":{"line":138,"column":7}},"67":{"start":{"line":142,"column":17},"end":{"line":165,"column":1}},"68":{"start":{"line":143,"column":2},"end":{"line":153,"column":3}},"69":{"start":{"line":144,"column":4},"end":{"line":147,"column":7}},"70":{"start":{"line":148,"column":9},"end":{"line":153,"column":3}},"71":{"start":{"line":149,"column":4},"end":{"line":152,"column":7}},"72":{"start":{"line":154,"column":2},"end":{"line":164,"column":5}},"73":{"start":{"line":157,"column":4},"end":{"line":157,"column":24}},"74":{"start":{"line":159,"column":16},"end":{"line":159,"column":50}},"75":{"start":{"line":160,"column":4},"end":{"line":163,"column":7}},"76":{"start":{"line":167,"column":12},"end":{"line":207,"column":1}},"77":{"start":{"line":168,"column":2},"end":{"line":206,"column":3}},"78":{"start":{"line":169,"column":16},"end":{"line":169,"column":30}},"79":{"start":{"line":170,"column":19},"end":{"line":170,"column":36}},"80":{"start":{"line":171,"column":4},"end":{"line":200,"column":7}},"81":{"start":{"line":172,"column":6},"end":{"line":197,"column":7}},"82":{"start":{"line":173,"column":8},"end":{"line":191,"column":9}},"83":{"start":{"line":175,"column":24},"end":{"line":179,"column":11}},"84":{"start":{"line":180,"column":10},"end":{"line":185,"column":13}},"85":{"start":{"line":187,"column":10},"end":{"line":190,"column":13}},"86":{"start":{"line":193,"column":8},"end":{"line":196,"column":11}},"87":{"start":{"line":199,"column":6},"end":{"line":199,"column":33}},"88":{"start":{"line":202,"column":4},"end":{"line":205,"column":7}},"89":{"start":{"line":209,"column":0},"end":{"line":209,"column":24}},"90":{"start":{"line":210,"column":0},"end":{"line":210,"column":26}},"91":{"start":{"line":211,"column":0},"end":{"line":211,"column":26}},"92":{"start":{"line":212,"column":0},"end":{"line":212,"column":32}},"93":{"start":{"line":213,"column":0},"end":{"line":213,"column":32}},"94":{"start":{"line":214,"column":0},"end":{"line":214,"column":22}},"95":{"start":{"line":215,"column":0},"end":{"line":215,"column":50}}},"fnMap":{"0":{"name":"(anonymous_0)","decl":{"start":{"line":8,"column":84},"end":{"line":8,"column":85}},"loc":{"start":{"line":8,"column":99},"end":{"line":8,"column":121}},"line":8},"1":{"name":"(anonymous_1)","decl":{"start":{"line":8,"column":124},"end":{"line":8,"column":125}},"loc":{"start":{"line":8,"column":139},"end":{"line":8,"column":268}},"line":8},"2":{"name":"_interopRequireDefault","decl":{"start":{"line":24,"column":9},"end":{"line":24,"column":31}},"loc":{"start":{"line":24,"column":37},"end":{"line":24,"column":95}},"line":24},"3":{"name":"create","decl":{"start":{"line":26,"column":22},"end":{"line":26,"column":28}},"loc":{"start":{"line":26,"column":39},"end":{"line":52,"column":1}},"line":26},"4":{"name":"(anonymous_4)","decl":{"start":{"line":32,"column":46},"end":{"line":32,"column":47}},"loc":{"start":{"line":32,"column":64},"end":{"line":45,"column":3}},"line":32},"5":{"name":"(anonymous_5)","decl":{"start":{"line":45,"column":11},"end":{"line":45,"column":12}},"loc":{"start":{"line":45,"column":29},"end":{"line":51,"column":3}},"line":45},"6":{"name":"getAllUserDocuments","decl":{"start":{"line":54,"column":35},"end":{"line":54,"column":54}},"loc":{"start":{"line":54,"column":65},"end":{"line":73,"column":1}},"line":54},"7":{"name":"(anonymous_7)","decl":{"start":{"line":65,"column":50},"end":{"line":65,"column":51}},"loc":{"start":{"line":65,"column":69},"end":{"line":67,"column":5}},"line":65},"8":{"name":"(anonymous_8)","decl":{"start":{"line":69,"column":48},"end":{"line":69,"column":49}},"loc":{"start":{"line":69,"column":67},"end":{"line":71,"column":5}},"line":69},"9":{"name":"findOne","decl":{"start":{"line":75,"column":23},"end":{"line":75,"column":30}},"loc":{"start":{"line":75,"column":41},"end":{"line":91,"column":1}},"line":75},"10":{"name":"(anonymous_10)","decl":{"start":{"line":82,"column":59},"end":{"line":82,"column":60}},"loc":{"start":{"line":82,"column":75},"end":{"line":84,"column":3}},"line":82},"11":{"name":"(anonymous_11)","decl":{"start":{"line":84,"column":11},"end":{"line":84,"column":12}},"loc":{"start":{"line":84,"column":29},"end":{"line":90,"column":3}},"line":84},"12":{"name":"findAll","decl":{"start":{"line":93,"column":23},"end":{"line":93,"column":30}},"loc":{"start":{"line":93,"column":41},"end":{"line":109,"column":1}},"line":93},"13":{"name":"(anonymous_13)","decl":{"start":{"line":106,"column":44},"end":{"line":106,"column":45}},"loc":{"start":{"line":106,"column":61},"end":{"line":108,"column":3}},"line":106},"14":{"name":"updateUser","decl":{"start":{"line":111,"column":26},"end":{"line":111,"column":36}},"loc":{"start":{"line":111,"column":47},"end":{"line":140,"column":1}},"line":111},"15":{"name":"(anonymous_15)","decl":{"start":{"line":131,"column":14},"end":{"line":131,"column":15}},"loc":{"start":{"line":131,"column":26},"end":{"line":133,"column":3}},"line":131},"16":{"name":"(anonymous_16)","decl":{"start":{"line":133,"column":11},"end":{"line":133,"column":12}},"loc":{"start":{"line":133,"column":29},"end":{"line":139,"column":3}},"line":133},"17":{"name":"deleteUser","decl":{"start":{"line":142,"column":26},"end":{"line":142,"column":36}},"loc":{"start":{"line":142,"column":47},"end":{"line":165,"column":1}},"line":142},"18":{"name":"(anonymous_18)","decl":{"start":{"line":156,"column":14},"end":{"line":156,"column":15}},"loc":{"start":{"line":156,"column":26},"end":{"line":158,"column":3}},"line":156},"19":{"name":"(anonymous_19)","decl":{"start":{"line":158,"column":11},"end":{"line":158,"column":12}},"loc":{"start":{"line":158,"column":29},"end":{"line":164,"column":3}},"line":158},"20":{"name":"login","decl":{"start":{"line":167,"column":21},"end":{"line":167,"column":26}},"loc":{"start":{"line":167,"column":37},"end":{"line":207,"column":1}},"line":167},"21":{"name":"(anonymous_21)","decl":{"start":{"line":171,"column":68},"end":{"line":171,"column":69}},"loc":{"start":{"line":171,"column":84},"end":{"line":198,"column":5}},"line":171},"22":{"name":"(anonymous_22)","decl":{"start":{"line":198,"column":13},"end":{"line":198,"column":14}},"loc":{"start":{"line":198,"column":25},"end":{"line":200,"column":5}},"line":198}},"branchMap":{"0":{"loc":{"start":{"line":8,"column":14},"end":{"line":8,"column":268}},"type":"cond-expr","locations":[{"start":{"line":8,"column":84},"end":{"line":8,"column":121}},{"start":{"line":8,"column":124},"end":{"line":8,"column":268}}],"line":8},"1":{"loc":{"start":{"line":8,"column":14},"end":{"line":8,"column":81}},"type":"binary-expr","locations":[{"start":{"line":8,"column":14},"end":{"line":8,"column":42}},{"start":{"line":8,"column":46},"end":{"line":8,"column":81}}],"line":8},"2":{"loc":{"start":{"line":8,"column":148},"end":{"line":8,"column":265}},"type":"cond-expr","locations":[{"start":{"line":8,"column":244},"end":{"line":8,"column":252}},{"start":{"line":8,"column":255},"end":{"line":8,"column":265}}],"line":8},"3":{"loc":{"start":{"line":8,"column":148},"end":{"line":8,"column":241}},"type":"binary-expr","locations":[{"start":{"line":8,"column":148},"end":{"line":8,"column":151}},{"start":{"line":8,"column":155},"end":{"line":8,"column":183}},{"start":{"line":8,"column":187},"end":{"line":8,"column":213}},{"start":{"line":8,"column":217},"end":{"line":8,"column":241}}],"line":8},"4":{"loc":{"start":{"line":24,"column":46},"end":{"line":24,"column":92}},"type":"cond-expr","locations":[{"start":{"line":24,"column":70},"end":{"line":24,"column":73}},{"start":{"line":24,"column":76},"end":{"line":24,"column":92}}],"line":24},"5":{"loc":{"start":{"line":24,"column":46},"end":{"line":24,"column":67}},"type":"binary-expr","locations":[{"start":{"line":24,"column":46},"end":{"line":24,"column":49}},{"start":{"line":24,"column":53},"end":{"line":24,"column":67}}],"line":24},"6":{"loc":{"start":{"line":27,"column":2},"end":{"line":31,"column":3}},"type":"if","locations":[{"start":{"line":27,"column":2},"end":{"line":31,"column":3}},{"start":{"line":27,"column":2},"end":{"line":31,"column":3}}],"line":27},"7":{"loc":{"start":{"line":57,"column":2},"end":{"line":63,"column":3}},"type":"if","locations":[{"start":{"line":57,"column":2},"end":{"line":63,"column":3}},{"start":{"line":57,"column":2},"end":{"line":63,"column":3}}],"line":57},"8":{"loc":{"start":{"line":57,"column":6},"end":{"line":57,"column":73}},"type":"binary-expr","locations":[{"start":{"line":57,"column":6},"end":{"line":57,"column":40}},{"start":{"line":57,"column":44},"end":{"line":57,"column":53}},{"start":{"line":57,"column":57},"end":{"line":57,"column":73}}],"line":57},"9":{"loc":{"start":{"line":59,"column":9},"end":{"line":63,"column":3}},"type":"if","locations":[{"start":{"line":59,"column":9},"end":{"line":63,"column":3}},{"start":{"line":59,"column":9},"end":{"line":63,"column":3}}],"line":59},"10":{"loc":{"start":{"line":59,"column":13},"end":{"line":59,"column":82}},"type":"binary-expr","locations":[{"start":{"line":59,"column":13},"end":{"line":59,"column":47}},{"start":{"line":59,"column":51},"end":{"line":59,"column":82}}],"line":59},"11":{"loc":{"start":{"line":64,"column":2},"end":{"line":72,"column":3}},"type":"if","locations":[{"start":{"line":64,"column":2},"end":{"line":72,"column":3}},{"start":{"line":64,"column":2},"end":{"line":72,"column":3}}],"line":64},"12":{"loc":{"start":{"line":64,"column":7},"end":{"line":64,"column":66}},"type":"cond-expr","locations":[{"start":{"line":64,"column":38},"end":{"line":64,"column":49}},{"start":{"line":64,"column":52},"end":{"line":64,"column":66}}],"line":64},"13":{"loc":{"start":{"line":79,"column":2},"end":{"line":81,"column":3}},"type":"if","locations":[{"start":{"line":79,"column":2},"end":{"line":81,"column":3}},{"start":{"line":79,"column":2},"end":{"line":81,"column":3}}],"line":79},"14":{"loc":{"start":{"line":99,"column":2},"end":{"line":101,"column":3}},"type":"if","locations":[{"start":{"line":99,"column":2},"end":{"line":101,"column":3}},{"start":{"line":99,"column":2},"end":{"line":101,"column":3}}],"line":99},"15":{"loc":{"start":{"line":102,"column":2},"end":{"line":105,"column":3}},"type":"if","locations":[{"start":{"line":102,"column":2},"end":{"line":105,"column":3}},{"start":{"line":102,"column":2},"end":{"line":105,"column":3}}],"line":102},"16":{"loc":{"start":{"line":103,"column":12},"end":{"line":103,"column":34}},"type":"binary-expr","locations":[{"start":{"line":103,"column":12},"end":{"line":103,"column":27}},{"start":{"line":103,"column":31},"end":{"line":103,"column":34}}],"line":103},"17":{"loc":{"start":{"line":104,"column":13},"end":{"line":104,"column":34}},"type":"binary-expr","locations":[{"start":{"line":104,"column":13},"end":{"line":104,"column":29}},{"start":{"line":104,"column":33},"end":{"line":104,"column":34}}],"line":104},"18":{"loc":{"start":{"line":114,"column":2},"end":{"line":128,"column":3}},"type":"if","locations":[{"start":{"line":114,"column":2},"end":{"line":128,"column":3}},{"start":{"line":114,"column":2},"end":{"line":128,"column":3}}],"line":114},"19":{"loc":{"start":{"line":114,"column":6},"end":{"line":114,"column":92}},"type":"binary-expr","locations":[{"start":{"line":114,"column":6},"end":{"line":114,"column":15}},{"start":{"line":114,"column":19},"end":{"line":114,"column":53}},{"start":{"line":114,"column":57},"end":{"line":114,"column":72}},{"start":{"line":114,"column":76},"end":{"line":114,"column":92}}],"line":114},"20":{"loc":{"start":{"line":116,"column":9},"end":{"line":128,"column":3}},"type":"if","locations":[{"start":{"line":116,"column":9},"end":{"line":128,"column":3}},{"start":{"line":116,"column":9},"end":{"line":128,"column":3}}],"line":116},"21":{"loc":{"start":{"line":116,"column":13},"end":{"line":116,"column":42}},"type":"binary-expr","locations":[{"start":{"line":116,"column":13},"end":{"line":116,"column":28}},{"start":{"line":116,"column":32},"end":{"line":116,"column":42}}],"line":116},"22":{"loc":{"start":{"line":121,"column":9},"end":{"line":128,"column":3}},"type":"if","locations":[{"start":{"line":121,"column":9},"end":{"line":128,"column":3}},{"start":{"line":121,"column":9},"end":{"line":128,"column":3}}],"line":121},"23":{"loc":{"start":{"line":121,"column":13},"end":{"line":121,"column":64}},"type":"binary-expr","locations":[{"start":{"line":121,"column":13},"end":{"line":121,"column":26}},{"start":{"line":121,"column":30},"end":{"line":121,"column":64}}],"line":121},"24":{"loc":{"start":{"line":126,"column":57},"end":{"line":126,"column":91}},"type":"cond-expr","locations":[{"start":{"line":126,"column":75},"end":{"line":126,"column":82}},{"start":{"line":126,"column":85},"end":{"line":126,"column":91}}],"line":126},"25":{"loc":{"start":{"line":143,"column":2},"end":{"line":153,"column":3}},"type":"if","locations":[{"start":{"line":143,"column":2},"end":{"line":153,"column":3}},{"start":{"line":143,"column":2},"end":{"line":153,"column":3}}],"line":143},"26":{"loc":{"start":{"line":143,"column":6},"end":{"line":143,"column":57}},"type":"binary-expr","locations":[{"start":{"line":143,"column":6},"end":{"line":143,"column":21}},{"start":{"line":143,"column":25},"end":{"line":143,"column":57}}],"line":143},"27":{"loc":{"start":{"line":148,"column":9},"end":{"line":153,"column":3}},"type":"if","locations":[{"start":{"line":148,"column":9},"end":{"line":153,"column":3}},{"start":{"line":148,"column":9},"end":{"line":153,"column":3}}],"line":148},"28":{"loc":{"start":{"line":148,"column":13},"end":{"line":148,"column":73}},"type":"binary-expr","locations":[{"start":{"line":148,"column":13},"end":{"line":148,"column":23}},{"start":{"line":148,"column":27},"end":{"line":148,"column":73}}],"line":148},"29":{"loc":{"start":{"line":168,"column":2},"end":{"line":206,"column":3}},"type":"if","locations":[{"start":{"line":168,"column":2},"end":{"line":206,"column":3}},{"start":{"line":168,"column":2},"end":{"line":206,"column":3}}],"line":168},"30":{"loc":{"start":{"line":168,"column":6},"end":{"line":168,"column":41}},"type":"binary-expr","locations":[{"start":{"line":168,"column":6},"end":{"line":168,"column":20}},{"start":{"line":168,"column":24},"end":{"line":168,"column":41}}],"line":168},"31":{"loc":{"start":{"line":172,"column":6},"end":{"line":197,"column":7}},"type":"if","locations":[{"start":{"line":172,"column":6},"end":{"line":197,"column":7}},{"start":{"line":172,"column":6},"end":{"line":197,"column":7}}],"line":172},"32":{"loc":{"start":{"line":173,"column":8},"end":{"line":191,"column":9}},"type":"if","locations":[{"start":{"line":173,"column":8},"end":{"line":191,"column":9}},{"start":{"line":173,"column":8},"end":{"line":191,"column":9}}],"line":173}},"s":{"0":1,"1":1,"2":1,"3":0,"4":0,"5":1,"6":1,"7":1,"8":1,"9":1,"10":1,"11":1,"12":3,"13":1,"14":0,"15":0,"16":0,"17":0,"18":0,"19":0,"20":0,"21":1,"22":0,"23":0,"24":0,"25":0,"26":0,"27":0,"28":0,"29":0,"30":0,"31":0,"32":0,"33":0,"34":1,"35":0,"36":0,"37":0,"38":0,"39":0,"40":0,"41":0,"42":1,"43":0,"44":0,"45":0,"46":0,"47":0,"48":0,"49":0,"50":0,"51":0,"52":0,"53":1,"54":0,"55":0,"56":0,"57":0,"58":0,"59":0,"60":0,"61":0,"62":0,"63":0,"64":0,"65":0,"66":0,"67":1,"68":0,"69":0,"70":0,"71":0,"72":0,"73":0,"74":0,"75":0,"76":1,"77":0,"78":0,"79":0,"80":0,"81":0,"82":0,"83":0,"84":0,"85":0,"86":0,"87":0,"88":0,"89":1,"90":1,"91":1,"92":1,"93":1,"94":1,"95":1},"f":{"0":0,"1":0,"2":3,"3":0,"4":0,"5":0,"6":0,"7":0,"8":0,"9":0,"10":0,"11":0,"12":0,"13":0,"14":0,"15":0,"16":0,"17":0,"18":0,"19":0,"20":0,"21":0,"22":0},"b":{"0":[1,0],"1":[1,1],"2":[0,0],"3":[0,0,0,0],"4":[1,2],"5":[3,3],"6":[0,0],"7":[0,0],"8":[0,0,0],"9":[0,0],"10":[0,0],"11":[0,0],"12":[0,0],"13":[0,0],"14":[0,0],"15":[0,0],"16":[0,0],"17":[0,0],"18":[0,0],"19":[0,0,0,0],"20":[0,0],"21":[0,0],"22":[0,0],"23":[0,0],"24":[0,0],"25":[0,0],"26":[0,0],"27":[0,0],"28":[0,0],"29":[0,0],"30":[0,0],"31":[0,0],"32":[0,0]},"_coverageSchema":"332fd63041d2c1bcb487cc26dd0d5f7d97098a6c","hash":"ab3fce207bf31b51283a16ff8d7c1e867c9f2304","contentHash":"24fd8837ed37263be83b628025c09c21_10.2.0"},"/Users/andela/Documents/Work/Document-Management-System/server/models/index.js":{"path":"/Users/andela/Documents/Work/Document-Management-System/server/models/index.js","statementMap":{"0":{"start":{"line":3,"column":9},"end":{"line":3,"column":22}},"1":{"start":{"line":4,"column":11},"end":{"line":4,"column":26}},"2":{"start":{"line":5,"column":16},"end":{"line":5,"column":36}},"3":{"start":{"line":7,"column":15},"end":{"line":7,"column":45}},"4":{"start":{"line":8,"column":10},"end":{"line":8,"column":47}},"5":{"start":{"line":9,"column":13},"end":{"line":9,"column":50}},"6":{"start":{"line":11,"column":9},"end":{"line":11,"column":11}},"7":{"start":{"line":13,"column":16},"end":{"line":13,"column":168}},"8":{"start":{"line":15,"column":0},"end":{"line":20,"column":3}},"9":{"start":{"line":16,"column":2},"end":{"line":16,"column":82}},"10":{"start":{"line":18,"column":14},"end":{"line":18,"column":58}},"11":{"start":{"line":19,"column":2},"end":{"line":19,"column":25}},"12":{"start":{"line":22,"column":0},"end":{"line":26,"column":3}},"13":{"start":{"line":23,"column":2},"end":{"line":25,"column":3}},"14":{"start":{"line":24,"column":4},"end":{"line":24,"column":32}},"15":{"start":{"line":28,"column":0},"end":{"line":28,"column":25}},"16":{"start":{"line":29,"column":0},"end":{"line":29,"column":25}},"17":{"start":{"line":31,"column":0},"end":{"line":31,"column":20}}},"fnMap":{"0":{"name":"(anonymous_0)","decl":{"start":{"line":15,"column":33},"end":{"line":15,"column":34}},"loc":{"start":{"line":15,"column":49},"end":{"line":17,"column":1}},"line":15},"1":{"name":"(anonymous_1)","decl":{"start":{"line":17,"column":11},"end":{"line":17,"column":12}},"loc":{"start":{"line":17,"column":27},"end":{"line":20,"column":1}},"line":17},"2":{"name":"(anonymous_2)","decl":{"start":{"line":22,"column":24},"end":{"line":22,"column":25}},"loc":{"start":{"line":22,"column":45},"end":{"line":26,"column":1}},"line":22}},"branchMap":{"0":{"loc":{"start":{"line":8,"column":10},"end":{"line":8,"column":47}},"type":"binary-expr","locations":[{"start":{"line":8,"column":10},"end":{"line":8,"column":30}},{"start":{"line":8,"column":34},"end":{"line":8,"column":47}}],"line":8},"1":{"loc":{"start":{"line":13,"column":16},"end":{"line":13,"column":168}},"type":"cond-expr","locations":[{"start":{"line":13,"column":42},"end":{"line":13,"column":93}},{"start":{"line":13,"column":96},"end":{"line":13,"column":168}}],"line":13},"2":{"loc":{"start":{"line":16,"column":9},"end":{"line":16,"column":81}},"type":"binary-expr","locations":[{"start":{"line":16,"column":9},"end":{"line":16,"column":32}},{"start":{"line":16,"column":36},"end":{"line":16,"column":53}},{"start":{"line":16,"column":57},"end":{"line":16,"column":81}}],"line":16},"3":{"loc":{"start":{"line":23,"column":2},"end":{"line":25,"column":3}},"type":"if","locations":[{"start":{"line":23,"column":2},"end":{"line":25,"column":3}},{"start":{"line":23,"column":2},"end":{"line":25,"column":3}}],"line":23}},"s":{"0":1,"1":1,"2":1,"3":1,"4":1,"5":1,"6":1,"7":1,"8":1,"9":5,"10":4,"11":4,"12":1,"13":4,"14":4,"15":1,"16":1,"17":1},"f":{"0":5,"1":4,"2":4},"b":{"0":[1,0],"1":[0,1],"2":[5,5,4],"3":[4,0]},"_coverageSchema":"332fd63041d2c1bcb487cc26dd0d5f7d97098a6c","hash":"6d9012d64759035c2c0d1e3e6ed9824a7b4876fe","contentHash":"21f39b5dad75fbbbac129399c2f8bbfb_10.2.0"},"/Users/andela/Documents/Work/Document-Management-System/server/models/access.js":{"path":"/Users/andela/Documents/Work/Document-Management-System/server/models/access.js","statementMap":{"0":{"start":{"line":3,"column":0},"end":{"line":22,"column":2}},"1":{"start":{"line":4,"column":15},"end":{"line":20,"column":4}},"2":{"start":{"line":13,"column":8},"end":{"line":16,"column":11}},"3":{"start":{"line":21,"column":2},"end":{"line":21,"column":16}}},"fnMap":{"0":{"name":"(anonymous_0)","decl":{"start":{"line":3,"column":17},"end":{"line":3,"column":18}},"loc":{"start":{"line":3,"column":49},"end":{"line":22,"column":1}},"line":3},"1":{"name":"associate","decl":{"start":{"line":11,"column":26},"end":{"line":11,"column":35}},"loc":{"start":{"line":11,"column":44},"end":{"line":17,"column":7}},"line":11}},"branchMap":{},"s":{"0":1,"1":1,"2":1,"3":1},"f":{"0":1,"1":1},"b":{},"_coverageSchema":"332fd63041d2c1bcb487cc26dd0d5f7d97098a6c","hash":"bd0a89a3207000f76c9992502f9846caedd154bf","contentHash":"4ebbf807a4bb8f1ac5eab6362d9e9232_10.2.0"},"/Users/andela/Documents/Work/Document-Management-System/server/models/documents.js":{"path":"/Users/andela/Documents/Work/Document-Management-System/server/models/documents.js","statementMap":{"0":{"start":{"line":3,"column":0},"end":{"line":40,"column":2}},"1":{"start":{"line":4,"column":18},"end":{"line":38,"column":4}},"2":{"start":{"line":28,"column":8},"end":{"line":31,"column":11}},"3":{"start":{"line":32,"column":8},"end":{"line":35,"column":11}},"4":{"start":{"line":39,"column":2},"end":{"line":39,"column":19}}},"fnMap":{"0":{"name":"(anonymous_0)","decl":{"start":{"line":3,"column":17},"end":{"line":3,"column":18}},"loc":{"start":{"line":3,"column":48},"end":{"line":40,"column":1}},"line":3},"1":{"name":"associate","decl":{"start":{"line":27,"column":26},"end":{"line":27,"column":35}},"loc":{"start":{"line":27,"column":44},"end":{"line":36,"column":7}},"line":27}},"branchMap":{},"s":{"0":1,"1":1,"2":1,"3":1,"4":1},"f":{"0":1,"1":1},"b":{},"_coverageSchema":"332fd63041d2c1bcb487cc26dd0d5f7d97098a6c","hash":"8dde6f1f4b25da730e6fed67fcfea80594b0d25c","contentHash":"49141d8b5ba6537d41f78c56e8a8421b_10.2.0"},"/Users/andela/Documents/Work/Document-Management-System/server/models/roles.js":{"path":"/Users/andela/Documents/Work/Document-Management-System/server/models/roles.js","statementMap":{"0":{"start":{"line":3,"column":0},"end":{"line":30,"column":2}},"1":{"start":{"line":4,"column":14},"end":{"line":28,"column":4}},"2":{"start":{"line":22,"column":8},"end":{"line":25,"column":11}},"3":{"start":{"line":29,"column":2},"end":{"line":29,"column":15}}},"fnMap":{"0":{"name":"(anonymous_0)","decl":{"start":{"line":3,"column":17},"end":{"line":3,"column":18}},"loc":{"start":{"line":3,"column":49},"end":{"line":30,"column":1}},"line":3},"1":{"name":"associate","decl":{"start":{"line":21,"column":26},"end":{"line":21,"column":35}},"loc":{"start":{"line":21,"column":44},"end":{"line":26,"column":7}},"line":21}},"branchMap":{},"s":{"0":1,"1":1,"2":1,"3":1},"f":{"0":1,"1":1},"b":{},"_coverageSchema":"332fd63041d2c1bcb487cc26dd0d5f7d97098a6c","hash":"089bd04b10107e76f3db3019a701e37c4ca7594d","contentHash":"991a7ccd78649621db7bcaa21ba07117_10.2.0"},"/Users/andela/Documents/Work/Document-Management-System/server/models/users.js":{"path":"/Users/andela/Documents/Work/Document-Management-System/server/models/users.js","statementMap":{"0":{"start":{"line":3,"column":14},"end":{"line":3,"column":31}},"1":{"start":{"line":5,"column":15},"end":{"line":5,"column":46}},"2":{"start":{"line":7,"column":39},"end":{"line":7,"column":93}},"3":{"start":{"line":9,"column":0},"end":{"line":159,"column":2}},"4":{"start":{"line":10,"column":14},"end":{"line":157,"column":4}},"5":{"start":{"line":28,"column":10},"end":{"line":30,"column":11}},"6":{"start":{"line":29,"column":12},"end":{"line":29,"column":61}},"7":{"start":{"line":47,"column":10},"end":{"line":49,"column":11}},"8":{"start":{"line":48,"column":12},"end":{"line":48,"column":62}},"9":{"start":{"line":52,"column":10},"end":{"line":56,"column":11}},"10":{"start":{"line":53,"column":12},"end":{"line":53,"column":69}},"11":{"start":{"line":54,"column":17},"end":{"line":56,"column":11}},"12":{"start":{"line":55,"column":12},"end":{"line":55,"column":70}},"13":{"start":{"line":73,"column":10},"end":{"line":75,"column":11}},"14":{"start":{"line":74,"column":12},"end":{"line":74,"column":61}},"15":{"start":{"line":78,"column":10},"end":{"line":82,"column":11}},"16":{"start":{"line":79,"column":12},"end":{"line":79,"column":68}},"17":{"start":{"line":80,"column":17},"end":{"line":82,"column":11}},"18":{"start":{"line":81,"column":12},"end":{"line":81,"column":69}},"19":{"start":{"line":110,"column":10},"end":{"line":112,"column":11}},"20":{"start":{"line":111,"column":12},"end":{"line":111,"column":73}},"21":{"start":{"line":119,"column":19},"end":{"line":119,"column":49}},"22":{"start":{"line":120,"column":8},"end":{"line":120,"column":71}},"23":{"start":{"line":123,"column":8},"end":{"line":127,"column":9}},"24":{"start":{"line":124,"column":21},"end":{"line":124,"column":51}},"25":{"start":{"line":125,"column":10},"end":{"line":125,"column":73}},"26":{"start":{"line":126,"column":10},"end":{"line":126,"column":38}},"27":{"start":{"line":130,"column":8},"end":{"line":134,"column":9}},"28":{"start":{"line":131,"column":21},"end":{"line":131,"column":51}},"29":{"start":{"line":132,"column":25},"end":{"line":132,"column":49}},"30":{"start":{"line":133,"column":10},"end":{"line":133,"column":79}},"31":{"start":{"line":139,"column":8},"end":{"line":142,"column":11}},"32":{"start":{"line":143,"column":8},"end":{"line":149,"column":11}},"33":{"start":{"line":154,"column":8},"end":{"line":154,"column":71}},"34":{"start":{"line":158,"column":2},"end":{"line":158,"column":15}}},"fnMap":{"0":{"name":"_interopRequireDefault","decl":{"start":{"line":7,"column":9},"end":{"line":7,"column":31}},"loc":{"start":{"line":7,"column":37},"end":{"line":7,"column":95}},"line":7},"1":{"name":"(anonymous_1)","decl":{"start":{"line":9,"column":17},"end":{"line":9,"column":18}},"loc":{"start":{"line":9,"column":49},"end":{"line":159,"column":1}},"line":9},"2":{"name":"hasLetters","decl":{"start":{"line":27,"column":29},"end":{"line":27,"column":39}},"loc":{"start":{"line":27,"column":47},"end":{"line":31,"column":9}},"line":27},"3":{"name":"hasLetters","decl":{"start":{"line":46,"column":29},"end":{"line":46,"column":39}},"loc":{"start":{"line":46,"column":47},"end":{"line":50,"column":9}},"line":46},"4":{"name":"hasOneSymbol","decl":{"start":{"line":51,"column":31},"end":{"line":51,"column":43}},"loc":{"start":{"line":51,"column":51},"end":{"line":57,"column":9}},"line":51},"5":{"name":"hasLetters","decl":{"start":{"line":72,"column":29},"end":{"line":72,"column":39}},"loc":{"start":{"line":72,"column":47},"end":{"line":76,"column":9}},"line":72},"6":{"name":"hasOneSymbol","decl":{"start":{"line":77,"column":31},"end":{"line":77,"column":43}},"loc":{"start":{"line":77,"column":51},"end":{"line":83,"column":9}},"line":77},"7":{"name":"isLongEnough","decl":{"start":{"line":109,"column":31},"end":{"line":109,"column":43}},"loc":{"start":{"line":109,"column":49},"end":{"line":113,"column":9}},"line":109},"8":{"name":"beforeCreate","decl":{"start":{"line":118,"column":29},"end":{"line":118,"column":41}},"loc":{"start":{"line":118,"column":48},"end":{"line":121,"column":7}},"line":118},"9":{"name":"beforeUpdate","decl":{"start":{"line":122,"column":29},"end":{"line":122,"column":41}},"loc":{"start":{"line":122,"column":48},"end":{"line":128,"column":7}},"line":122},"10":{"name":"beforeBulkUpdate","decl":{"start":{"line":129,"column":33},"end":{"line":129,"column":49}},"loc":{"start":{"line":129,"column":56},"end":{"line":135,"column":7}},"line":129},"11":{"name":"associate","decl":{"start":{"line":138,"column":26},"end":{"line":138,"column":35}},"loc":{"start":{"line":138,"column":44},"end":{"line":150,"column":7}},"line":138},"12":{"name":"isPassword","decl":{"start":{"line":153,"column":27},"end":{"line":153,"column":37}},"loc":{"start":{"line":153,"column":65},"end":{"line":155,"column":7}},"line":153}},"branchMap":{"0":{"loc":{"start":{"line":7,"column":46},"end":{"line":7,"column":92}},"type":"cond-expr","locations":[{"start":{"line":7,"column":70},"end":{"line":7,"column":73}},{"start":{"line":7,"column":76},"end":{"line":7,"column":92}}],"line":7},"1":{"loc":{"start":{"line":7,"column":46},"end":{"line":7,"column":67}},"type":"binary-expr","locations":[{"start":{"line":7,"column":46},"end":{"line":7,"column":49}},{"start":{"line":7,"column":53},"end":{"line":7,"column":67}}],"line":7},"2":{"loc":{"start":{"line":28,"column":10},"end":{"line":30,"column":11}},"type":"if","locations":[{"start":{"line":28,"column":10},"end":{"line":30,"column":11}},{"start":{"line":28,"column":10},"end":{"line":30,"column":11}}],"line":28},"3":{"loc":{"start":{"line":47,"column":10},"end":{"line":49,"column":11}},"type":"if","locations":[{"start":{"line":47,"column":10},"end":{"line":49,"column":11}},{"start":{"line":47,"column":10},"end":{"line":49,"column":11}}],"line":47},"4":{"loc":{"start":{"line":52,"column":10},"end":{"line":56,"column":11}},"type":"if","locations":[{"start":{"line":52,"column":10},"end":{"line":56,"column":11}},{"start":{"line":52,"column":10},"end":{"line":56,"column":11}}],"line":52},"5":{"loc":{"start":{"line":54,"column":17},"end":{"line":56,"column":11}},"type":"if","locations":[{"start":{"line":54,"column":17},"end":{"line":56,"column":11}},{"start":{"line":54,"column":17},"end":{"line":56,"column":11}}],"line":54},"6":{"loc":{"start":{"line":73,"column":10},"end":{"line":75,"column":11}},"type":"if","locations":[{"start":{"line":73,"column":10},"end":{"line":75,"column":11}},{"start":{"line":73,"column":10},"end":{"line":75,"column":11}}],"line":73},"7":{"loc":{"start":{"line":78,"column":10},"end":{"line":82,"column":11}},"type":"if","locations":[{"start":{"line":78,"column":10},"end":{"line":82,"column":11}},{"start":{"line":78,"column":10},"end":{"line":82,"column":11}}],"line":78},"8":{"loc":{"start":{"line":80,"column":17},"end":{"line":82,"column":11}},"type":"if","locations":[{"start":{"line":80,"column":17},"end":{"line":82,"column":11}},{"start":{"line":80,"column":17},"end":{"line":82,"column":11}}],"line":80},"9":{"loc":{"start":{"line":110,"column":10},"end":{"line":112,"column":11}},"type":"if","locations":[{"start":{"line":110,"column":10},"end":{"line":112,"column":11}},{"start":{"line":110,"column":10},"end":{"line":112,"column":11}}],"line":110},"10":{"loc":{"start":{"line":123,"column":8},"end":{"line":127,"column":9}},"type":"if","locations":[{"start":{"line":123,"column":8},"end":{"line":127,"column":9}},{"start":{"line":123,"column":8},"end":{"line":127,"column":9}}],"line":123},"11":{"loc":{"start":{"line":130,"column":8},"end":{"line":134,"column":9}},"type":"if","locations":[{"start":{"line":130,"column":8},"end":{"line":134,"column":9}},{"start":{"line":130,"column":8},"end":{"line":134,"column":9}}],"line":130},"12":{"loc":{"start":{"line":130,"column":12},"end":{"line":130,"column":57}},"type":"binary-expr","locations":[{"start":{"line":130,"column":12},"end":{"line":130,"column":28}},{"start":{"line":130,"column":32},"end":{"line":130,"column":57}}],"line":130}},"s":{"0":1,"1":1,"2":1,"3":1,"4":1,"5":53,"6":1,"7":53,"8":1,"9":53,"10":0,"11":53,"12":0,"13":53,"14":1,"15":53,"16":0,"17":53,"18":0,"19":53,"20":1,"21":35,"22":35,"23":0,"24":0,"25":0,"26":0,"27":0,"28":0,"29":0,"30":0,"31":1,"32":1,"33":0,"34":1},"f":{"0":1,"1":1,"2":53,"3":53,"4":53,"5":53,"6":53,"7":53,"8":35,"9":0,"10":0,"11":1,"12":0},"b":{"0":[0,1],"1":[1,1],"2":[1,52],"3":[1,52],"4":[0,53],"5":[0,53],"6":[1,52],"7":[0,53],"8":[0,53],"9":[1,52],"10":[0,0],"11":[0,0],"12":[0,0]},"_coverageSchema":"332fd63041d2c1bcb487cc26dd0d5f7d97098a6c","hash":"f15fe0d536f7f147cb3931d77f6baaac1af9adc2","contentHash":"f48cd9ef1c1e4af83938b1cc72527ca2_10.2.0"},"/Users/andela/Documents/Work/Document-Management-System/server/helpers/error-render.js":{"path":"/Users/andela/Documents/Work/Document-Management-System/server/helpers/error-render.js","statementMap":{"0":{"start":{"line":3,"column":0},"end":{"line":5,"column":3}},"1":{"start":{"line":7,"column":0},"end":{"line":21,"column":2}},"2":{"start":{"line":8,"column":18},"end":{"line":8,"column":43}},"3":{"start":{"line":9,"column":2},"end":{"line":15,"column":3}},"4":{"start":{"line":10,"column":4},"end":{"line":14,"column":6}},"5":{"start":{"line":16,"column":2},"end":{"line":20,"column":4}}},"fnMap":{"0":{"name":"(anonymous_0)","decl":{"start":{"line":7,"column":18},"end":{"line":7,"column":19}},"loc":{"start":{"line":7,"column":35},"end":{"line":21,"column":1}},"line":7}},"branchMap":{"0":{"loc":{"start":{"line":9,"column":2},"end":{"line":15,"column":3}},"type":"if","locations":[{"start":{"line":9,"column":2},"end":{"line":15,"column":3}},{"start":{"line":9,"column":2},"end":{"line":15,"column":3}}],"line":9},"1":{"loc":{"start":{"line":9,"column":6},"end":{"line":9,"column":107}},"type":"binary-expr","locations":[{"start":{"line":9,"column":6},"end":{"line":9,"column":53}},{"start":{"line":9,"column":57},"end":{"line":9,"column":107}}],"line":9}},"s":{"0":1,"1":1,"2":0,"3":0,"4":0,"5":0},"f":{"0":0},"b":{"0":[0,0],"1":[0,0]},"_coverageSchema":"332fd63041d2c1bcb487cc26dd0d5f7d97098a6c","hash":"987b99a6455363411f7df478f11880ee714e9c88","contentHash":"f49a0bcbd4408c02896470dfc70127ea_10.2.0"},"/Users/andela/Documents/Work/Document-Management-System/server/helpers/helper.js":{"path":"/Users/andela/Documents/Work/Document-Management-System/server/helpers/helper.js","statementMap":{"0":{"start":{"line":3,"column":0},"end":{"line":5,"column":3}},"1":{"start":{"line":6,"column":0},"end":{"line":6,"column":137}},"2":{"start":{"line":8,"column":13},"end":{"line":8,"column":39}},"3":{"start":{"line":10,"column":14},"end":{"line":10,"column":44}},"4":{"start":{"line":12,"column":39},"end":{"line":12,"column":93}},"5":{"start":{"line":14,"column":14},"end":{"line":24,"column":1}},"6":{"start":{"line":15,"column":14},"end":{"line":15,"column":15}},"7":{"start":{"line":16,"column":15},"end":{"line":16,"column":17}},"8":{"start":{"line":17,"column":2},"end":{"line":22,"column":5}},"9":{"start":{"line":18,"column":4},"end":{"line":21,"column":5}},"10":{"start":{"line":19,"column":6},"end":{"line":19,"column":24}},"11":{"start":{"line":20,"column":6},"end":{"line":20,"column":17}},"12":{"start":{"line":23,"column":2},"end":{"line":23,"column":16}},"13":{"start":{"line":26,"column":15},"end":{"line":38,"column":1}},"14":{"start":{"line":27,"column":18},"end":{"line":27,"column":52}},"15":{"start":{"line":28,"column":18},"end":{"line":35,"column":7}},"16":{"start":{"line":36,"column":2},"end":{"line":36,"column":62}},"17":{"start":{"line":37,"column":2},"end":{"line":37,"column":19}},"18":{"start":{"line":40,"column":14},"end":{"line":59,"column":1}},"19":{"start":{"line":41,"column":11},"end":{"line":41,"column":40}},"20":{"start":{"line":42,"column":2},"end":{"line":58,"column":5}},"21":{"start":{"line":43,"column":4},"end":{"line":53,"column":5}},"22":{"start":{"line":44,"column":6},"end":{"line":47,"column":9}},"23":{"start":{"line":48,"column":11},"end":{"line":53,"column":5}},"24":{"start":{"line":49,"column":6},"end":{"line":49,"column":23}},"25":{"start":{"line":50,"column":6},"end":{"line":50,"column":13}},"26":{"start":{"line":52,"column":6},"end":{"line":52,"column":13}},"27":{"start":{"line":55,"column":4},"end":{"line":57,"column":7}},"28":{"start":{"line":61,"column":16},"end":{"line":67,"column":1}},"29":{"start":{"line":62,"column":24},"end":{"line":62,"column":44}},"30":{"start":{"line":63,"column":2},"end":{"line":65,"column":3}},"31":{"start":{"line":64,"column":4},"end":{"line":64,"column":16}},"32":{"start":{"line":66,"column":2},"end":{"line":66,"column":15}},"33":{"start":{"line":69,"column":20},"end":{"line":88,"column":1}},"34":{"start":{"line":70,"column":11},"end":{"line":70,"column":24}},"35":{"start":{"line":71,"column":2},"end":{"line":87,"column":5}},"36":{"start":{"line":72,"column":4},"end":{"line":82,"column":5}},"37":{"start":{"line":73,"column":6},"end":{"line":76,"column":9}},"38":{"start":{"line":77,"column":11},"end":{"line":82,"column":5}},"39":{"start":{"line":78,"column":6},"end":{"line":78,"column":29}},"40":{"start":{"line":79,"column":6},"end":{"line":79,"column":13}},"41":{"start":{"line":81,"column":6},"end":{"line":81,"column":13}},"42":{"start":{"line":84,"column":4},"end":{"line":86,"column":7}},"43":{"start":{"line":98,"column":21},"end":{"line":98,"column":23}},"44":{"start":{"line":99,"column":2},"end":{"line":103,"column":5}},"45":{"start":{"line":100,"column":4},"end":{"line":102,"column":5}},"46":{"start":{"line":101,"column":6},"end":{"line":101,"column":48}},"47":{"start":{"line":104,"column":2},"end":{"line":104,"column":31}},"48":{"start":{"line":115,"column":2},"end":{"line":117,"column":5}},"49":{"start":{"line":120,"column":0},"end":{"line":120,"column":28}},"50":{"start":{"line":121,"column":0},"end":{"line":121,"column":38}},"51":{"start":{"line":122,"column":0},"end":{"line":122,"column":26}},"52":{"start":{"line":123,"column":0},"end":{"line":123,"column":30}},"53":{"start":{"line":124,"column":0},"end":{"line":124,"column":38}},"54":{"start":{"line":125,"column":0},"end":{"line":125,"column":34}}},"fnMap":{"0":{"name":"_interopRequireDefault","decl":{"start":{"line":12,"column":9},"end":{"line":12,"column":31}},"loc":{"start":{"line":12,"column":37},"end":{"line":12,"column":95}},"line":12},"1":{"name":"cutList","decl":{"start":{"line":14,"column":23},"end":{"line":14,"column":30}},"loc":{"start":{"line":14,"column":49},"end":{"line":24,"column":1}},"line":14},"2":{"name":"(anonymous_2)","decl":{"start":{"line":17,"column":15},"end":{"line":17,"column":16}},"loc":{"start":{"line":17,"column":38},"end":{"line":22,"column":3}},"line":17},"3":{"name":"paginate","decl":{"start":{"line":26,"column":24},"end":{"line":26,"column":32}},"loc":{"start":{"line":26,"column":65},"end":{"line":38,"column":1}},"line":26},"4":{"name":"isAdmin","decl":{"start":{"line":40,"column":23},"end":{"line":40,"column":30}},"loc":{"start":{"line":40,"column":47},"end":{"line":59,"column":1}},"line":40},"5":{"name":"(anonymous_5)","decl":{"start":{"line":42,"column":42},"end":{"line":42,"column":43}},"loc":{"start":{"line":42,"column":58},"end":{"line":54,"column":3}},"line":42},"6":{"name":"(anonymous_6)","decl":{"start":{"line":54,"column":11},"end":{"line":54,"column":12}},"loc":{"start":{"line":54,"column":23},"end":{"line":58,"column":3}},"line":54},"7":{"name":"hasAccess","decl":{"start":{"line":61,"column":25},"end":{"line":61,"column":34}},"loc":{"start":{"line":61,"column":54},"end":{"line":67,"column":1}},"line":61},"8":{"name":"targetIsAdmin","decl":{"start":{"line":69,"column":29},"end":{"line":69,"column":42}},"loc":{"start":{"line":69,"column":59},"end":{"line":88,"column":1}},"line":69},"9":{"name":"(anonymous_9)","decl":{"start":{"line":71,"column":42},"end":{"line":71,"column":43}},"loc":{"start":{"line":71,"column":58},"end":{"line":83,"column":3}},"line":71},"10":{"name":"(anonymous_10)","decl":{"start":{"line":83,"column":11},"end":{"line":83,"column":12}},"loc":{"start":{"line":83,"column":23},"end":{"line":87,"column":3}},"line":83},"11":{"name":"requiredField","decl":{"start":{"line":97,"column":9},"end":{"line":97,"column":22}},"loc":{"start":{"line":97,"column":39},"end":{"line":105,"column":1}},"line":97},"12":{"name":"(anonymous_12)","decl":{"start":{"line":99,"column":17},"end":{"line":99,"column":18}},"loc":{"start":{"line":99,"column":34},"end":{"line":103,"column":3}},"line":99},"13":{"name":"errorRender","decl":{"start":{"line":114,"column":9},"end":{"line":114,"column":20}},"loc":{"start":{"line":114,"column":41},"end":{"line":118,"column":1}},"line":114}},"branchMap":{"0":{"loc":{"start":{"line":12,"column":46},"end":{"line":12,"column":92}},"type":"cond-expr","locations":[{"start":{"line":12,"column":70},"end":{"line":12,"column":73}},{"start":{"line":12,"column":76},"end":{"line":12,"column":92}}],"line":12},"1":{"loc":{"start":{"line":12,"column":46},"end":{"line":12,"column":67}},"type":"binary-expr","locations":[{"start":{"line":12,"column":46},"end":{"line":12,"column":49}},{"start":{"line":12,"column":53},"end":{"line":12,"column":67}}],"line":12},"2":{"loc":{"start":{"line":18,"column":4},"end":{"line":21,"column":5}},"type":"if","locations":[{"start":{"line":18,"column":4},"end":{"line":21,"column":5}},{"start":{"line":18,"column":4},"end":{"line":21,"column":5}}],"line":18},"3":{"loc":{"start":{"line":18,"column":8},"end":{"line":18,"column":37}},"type":"binary-expr","locations":[{"start":{"line":18,"column":8},"end":{"line":18,"column":22}},{"start":{"line":18,"column":26},"end":{"line":18,"column":37}}],"line":18},"4":{"loc":{"start":{"line":30,"column":20},"end":{"line":30,"column":49}},"type":"cond-expr","locations":[{"start":{"line":30,"column":36},"end":{"line":30,"column":45}},{"start":{"line":30,"column":48},"end":{"line":30,"column":49}}],"line":30},"5":{"loc":{"start":{"line":41,"column":11},"end":{"line":41,"column":40}},"type":"binary-expr","locations":[{"start":{"line":41,"column":11},"end":{"line":41,"column":25}},{"start":{"line":41,"column":29},"end":{"line":41,"column":40}}],"line":41},"6":{"loc":{"start":{"line":43,"column":4},"end":{"line":53,"column":5}},"type":"if","locations":[{"start":{"line":43,"column":4},"end":{"line":53,"column":5}},{"start":{"line":43,"column":4},"end":{"line":53,"column":5}}],"line":43},"7":{"loc":{"start":{"line":48,"column":11},"end":{"line":53,"column":5}},"type":"if","locations":[{"start":{"line":48,"column":11},"end":{"line":53,"column":5}},{"start":{"line":48,"column":11},"end":{"line":53,"column":5}}],"line":48},"8":{"loc":{"start":{"line":63,"column":2},"end":{"line":65,"column":3}},"type":"if","locations":[{"start":{"line":63,"column":2},"end":{"line":65,"column":3}},{"start":{"line":63,"column":2},"end":{"line":65,"column":3}}],"line":63},"9":{"loc":{"start":{"line":72,"column":4},"end":{"line":82,"column":5}},"type":"if","locations":[{"start":{"line":72,"column":4},"end":{"line":82,"column":5}},{"start":{"line":72,"column":4},"end":{"line":82,"column":5}}],"line":72},"10":{"loc":{"start":{"line":77,"column":11},"end":{"line":82,"column":5}},"type":"if","locations":[{"start":{"line":77,"column":11},"end":{"line":82,"column":5}},{"start":{"line":77,"column":11},"end":{"line":82,"column":5}}],"line":77},"11":{"loc":{"start":{"line":100,"column":4},"end":{"line":102,"column":5}},"type":"if","locations":[{"start":{"line":100,"column":4},"end":{"line":102,"column":5}},{"start":{"line":100,"column":4},"end":{"line":102,"column":5}}],"line":100},"12":{"loc":{"start":{"line":100,"column":8},"end":{"line":100,"column":65}},"type":"binary-expr","locations":[{"start":{"line":100,"column":9},"end":{"line":100,"column":23}},{"start":{"line":100,"column":27},"end":{"line":100,"column":47}},{"start":{"line":100,"column":52},"end":{"line":100,"column":65}}],"line":100},"13":{"loc":{"start":{"line":104,"column":9},"end":{"line":104,"column":30}},"type":"binary-expr","locations":[{"start":{"line":104,"column":9},"end":{"line":104,"column":21}},{"start":{"line":104,"column":25},"end":{"line":104,"column":30}}],"line":104}},"s":{"0":1,"1":1,"2":1,"3":1,"4":1,"5":1,"6":0,"7":0,"8":0,"9":0,"10":0,"11":0,"12":0,"13":1,"14":0,"15":0,"16":0,"17":0,"18":1,"19":0,"20":0,"21":0,"22":0,"23":0,"24":0,"25":0,"26":0,"27":0,"28":1,"29":0,"30":0,"31":0,"32":0,"33":1,"34":0,"35":0,"36":0,"37":0,"38":0,"39":0,"40":0,"41":0,"42":0,"43":0,"44":0,"45":0,"46":0,"47":0,"48":0,"49":1,"50":1,"51":1,"52":1,"53":1,"54":1},"f":{"0":1,"1":0,"2":0,"3":0,"4":0,"5":0,"6":0,"7":0,"8":0,"9":0,"10":0,"11":0,"12":0,"13":0},"b":{"0":[0,1],"1":[1,1],"2":[0,0],"3":[0,0],"4":[0,0],"5":[0,0],"6":[0,0],"7":[0,0],"8":[0,0],"9":[0,0],"10":[0,0],"11":[0,0],"12":[0,0,0],"13":[0,0]},"_coverageSchema":"332fd63041d2c1bcb487cc26dd0d5f7d97098a6c","hash":"1a2a2859b8566e4e1762e92d8071b1e32c241fad","contentHash":"d204655f18fd08b300cdaabd58808484_10.2.0"},"/Users/andela/Documents/Work/Document-Management-System/server/middlewares/checkRoles.js":{"path":"/Users/andela/Documents/Work/Document-Management-System/server/middlewares/checkRoles.js","statementMap":{"0":{"start":{"line":3,"column":0},"end":{"line":5,"column":3}},"1":{"start":{"line":7,"column":13},"end":{"line":7,"column":39}},"2":{"start":{"line":9,"column":14},"end":{"line":9,"column":44}},"3":{"start":{"line":11,"column":39},"end":{"line":11,"column":93}},"4":{"start":{"line":13,"column":0},"end":{"line":33,"column":2}},"5":{"start":{"line":14,"column":2},"end":{"line":32,"column":5}},"6":{"start":{"line":15,"column":4},"end":{"line":15,"column":31}},"7":{"start":{"line":16,"column":4},"end":{"line":27,"column":5}},"8":{"start":{"line":17,"column":6},"end":{"line":24,"column":9}},"9":{"start":{"line":18,"column":8},"end":{"line":18,"column":43}},"10":{"start":{"line":19,"column":8},"end":{"line":19,"column":15}},"11":{"start":{"line":21,"column":8},"end":{"line":23,"column":11}},"12":{"start":{"line":26,"column":6},"end":{"line":26,"column":13}},"13":{"start":{"line":29,"column":4},"end":{"line":31,"column":7}}},"fnMap":{"0":{"name":"_interopRequireDefault","decl":{"start":{"line":11,"column":9},"end":{"line":11,"column":31}},"loc":{"start":{"line":11,"column":37},"end":{"line":11,"column":95}},"line":11},"1":{"name":"(anonymous_1)","decl":{"start":{"line":13,"column":18},"end":{"line":13,"column":19}},"loc":{"start":{"line":13,"column":44},"end":{"line":33,"column":1}},"line":13},"2":{"name":"(anonymous_2)","decl":{"start":{"line":14,"column":54},"end":{"line":14,"column":55}},"loc":{"start":{"line":14,"column":70},"end":{"line":28,"column":3}},"line":14},"3":{"name":"(anonymous_3)","decl":{"start":{"line":17,"column":57},"end":{"line":17,"column":58}},"loc":{"start":{"line":17,"column":79},"end":{"line":20,"column":7}},"line":17},"4":{"name":"(anonymous_4)","decl":{"start":{"line":20,"column":15},"end":{"line":20,"column":16}},"loc":{"start":{"line":20,"column":27},"end":{"line":24,"column":7}},"line":20},"5":{"name":"(anonymous_5)","decl":{"start":{"line":28,"column":11},"end":{"line":28,"column":12}},"loc":{"start":{"line":28,"column":23},"end":{"line":32,"column":3}},"line":28}},"branchMap":{"0":{"loc":{"start":{"line":11,"column":46},"end":{"line":11,"column":92}},"type":"cond-expr","locations":[{"start":{"line":11,"column":70},"end":{"line":11,"column":73}},{"start":{"line":11,"column":76},"end":{"line":11,"column":92}}],"line":11},"1":{"loc":{"start":{"line":11,"column":46},"end":{"line":11,"column":67}},"type":"binary-expr","locations":[{"start":{"line":11,"column":46},"end":{"line":11,"column":49}},{"start":{"line":11,"column":53},"end":{"line":11,"column":67}}],"line":11},"2":{"loc":{"start":{"line":16,"column":4},"end":{"line":27,"column":5}},"type":"if","locations":[{"start":{"line":16,"column":4},"end":{"line":27,"column":5}},{"start":{"line":16,"column":4},"end":{"line":27,"column":5}}],"line":16}},"s":{"0":1,"1":1,"2":1,"3":1,"4":1,"5":0,"6":0,"7":0,"8":0,"9":0,"10":0,"11":0,"12":0,"13":0},"f":{"0":1,"1":0,"2":0,"3":0,"4":0,"5":0},"b":{"0":[0,1],"1":[1,1],"2":[0,0]},"_coverageSchema":"332fd63041d2c1bcb487cc26dd0d5f7d97098a6c","hash":"af8f22a50b9a63097943a588afaa63b5786540a7","contentHash":"ec63f36db67163cc9d947f6aadecf803_10.2.0"},"/Users/andela/Documents/Work/Document-Management-System/server/middlewares/auth.js":{"path":"/Users/andela/Documents/Work/Document-Management-System/server/middlewares/auth.js","statementMap":{"0":{"start":{"line":3,"column":0},"end":{"line":5,"column":3}},"1":{"start":{"line":7,"column":20},"end":{"line":7,"column":43}},"2":{"start":{"line":9,"column":21},"end":{"line":9,"column":58}},"3":{"start":{"line":11,"column":39},"end":{"line":11,"column":93}},"4":{"start":{"line":13,"column":0},"end":{"line":13,"column":27}},"5":{"start":{"line":15,"column":0},"end":{"line":37,"column":2}},"6":{"start":{"line":16,"column":14},"end":{"line":16,"column":39}},"7":{"start":{"line":17,"column":2},"end":{"line":17,"column":27}},"8":{"start":{"line":18,"column":2},"end":{"line":36,"column":3}},"9":{"start":{"line":19,"column":4},"end":{"line":30,"column":7}},"10":{"start":{"line":20,"column":6},"end":{"line":29,"column":7}},"11":{"start":{"line":21,"column":8},"end":{"line":21,"column":34}},"12":{"start":{"line":22,"column":8},"end":{"line":25,"column":11}},"13":{"start":{"line":27,"column":8},"end":{"line":27,"column":35}},"14":{"start":{"line":28,"column":8},"end":{"line":28,"column":15}},"15":{"start":{"line":32,"column":4},"end":{"line":35,"column":7}}},"fnMap":{"0":{"name":"_interopRequireDefault","decl":{"start":{"line":11,"column":9},"end":{"line":11,"column":31}},"loc":{"start":{"line":11,"column":37},"end":{"line":11,"column":95}},"line":11},"1":{"name":"(anonymous_1)","decl":{"start":{"line":15,"column":18},"end":{"line":15,"column":19}},"loc":{"start":{"line":15,"column":44},"end":{"line":37,"column":1}},"line":15},"2":{"name":"(anonymous_2)","decl":{"start":{"line":19,"column":65},"end":{"line":19,"column":66}},"loc":{"start":{"line":19,"column":89},"end":{"line":30,"column":5}},"line":19}},"branchMap":{"0":{"loc":{"start":{"line":11,"column":46},"end":{"line":11,"column":92}},"type":"cond-expr","locations":[{"start":{"line":11,"column":70},"end":{"line":11,"column":73}},{"start":{"line":11,"column":76},"end":{"line":11,"column":92}}],"line":11},"1":{"loc":{"start":{"line":11,"column":46},"end":{"line":11,"column":67}},"type":"binary-expr","locations":[{"start":{"line":11,"column":46},"end":{"line":11,"column":49}},{"start":{"line":11,"column":53},"end":{"line":11,"column":67}}],"line":11},"2":{"loc":{"start":{"line":18,"column":2},"end":{"line":36,"column":3}},"type":"if","locations":[{"start":{"line":18,"column":2},"end":{"line":36,"column":3}},{"start":{"line":18,"column":2},"end":{"line":36,"column":3}}],"line":18},"3":{"loc":{"start":{"line":20,"column":6},"end":{"line":29,"column":7}},"type":"if","locations":[{"start":{"line":20,"column":6},"end":{"line":29,"column":7}},{"start":{"line":20,"column":6},"end":{"line":29,"column":7}}],"line":20}},"s":{"0":1,"1":1,"2":1,"3":1,"4":1,"5":1,"6":0,"7":0,"8":0,"9":0,"10":0,"11":0,"12":0,"13":0,"14":0,"15":0},"f":{"0":1,"1":0,"2":0},"b":{"0":[0,1],"1":[1,1],"2":[0,0],"3":[0,0]},"_coverageSchema":"332fd63041d2c1bcb487cc26dd0d5f7d97098a6c","hash":"7c38f27495c96a2e4ee553269d814a1f30111666","contentHash":"31b628b3d021822b5ee973e307160e2d_10.2.0"},"/Users/andela/Documents/Work/Document-Management-System/server/routes/search.js":{"path":"/Users/andela/Documents/Work/Document-Management-System/server/routes/search.js","statementMap":{"0":{"start":{"line":3,"column":0},"end":{"line":5,"column":3}},"1":{"start":{"line":7,"column":15},"end":{"line":7,"column":33}},"2":{"start":{"line":9,"column":16},"end":{"line":9,"column":48}},"3":{"start":{"line":11,"column":14},"end":{"line":11,"column":46}},"4":{"start":{"line":13,"column":12},"end":{"line":13,"column":42}},"5":{"start":{"line":15,"column":13},"end":{"line":15,"column":42}},"6":{"start":{"line":17,"column":14},"end":{"line":17,"column":42}},"7":{"start":{"line":19,"column":39},"end":{"line":19,"column":93}},"8":{"start":{"line":21,"column":19},"end":{"line":21,"column":45}},"9":{"start":{"line":23,"column":0},"end":{"line":23,"column":94}},"10":{"start":{"line":24,"column":0},"end":{"line":24,"column":91}},"11":{"start":{"line":26,"column":0},"end":{"line":26,"column":31}}},"fnMap":{"0":{"name":"_interopRequireDefault","decl":{"start":{"line":19,"column":9},"end":{"line":19,"column":31}},"loc":{"start":{"line":19,"column":37},"end":{"line":19,"column":95}},"line":19}},"branchMap":{"0":{"loc":{"start":{"line":19,"column":46},"end":{"line":19,"column":92}},"type":"cond-expr","locations":[{"start":{"line":19,"column":70},"end":{"line":19,"column":73}},{"start":{"line":19,"column":76},"end":{"line":19,"column":92}}],"line":19},"1":{"loc":{"start":{"line":19,"column":46},"end":{"line":19,"column":67}},"type":"binary-expr","locations":[{"start":{"line":19,"column":46},"end":{"line":19,"column":49}},{"start":{"line":19,"column":53},"end":{"line":19,"column":67}}],"line":19}},"s":{"0":1,"1":1,"2":1,"3":1,"4":1,"5":1,"6":1,"7":2,"8":1,"9":1,"10":1,"11":1},"f":{"0":2},"b":{"0":[1,1],"1":[2,2]},"_coverageSchema":"332fd63041d2c1bcb487cc26dd0d5f7d97098a6c","hash":"615df827e3abfc952722873af6afea3d0d6c565d","contentHash":"7322f02333f9aba10fb01dee7e7b5619_10.2.0"},"/Users/andela/Documents/Work/Document-Management-System/server/controllers/search.js":{"path":"/Users/andela/Documents/Work/Document-Management-System/server/controllers/search.js","statementMap":{"0":{"start":{"line":3,"column":0},"end":{"line":5,"column":3}},"1":{"start":{"line":6,"column":0},"end":{"line":6,"column":51}},"2":{"start":{"line":8,"column":13},"end":{"line":8,"column":39}},"3":{"start":{"line":10,"column":14},"end":{"line":10,"column":44}},"4":{"start":{"line":12,"column":14},"end":{"line":12,"column":42}},"5":{"start":{"line":14,"column":39},"end":{"line":14,"column":93}},"6":{"start":{"line":16,"column":18},"end":{"line":19,"column":1}},"7":{"start":{"line":17,"column":23},"end":{"line":17,"column":199}},"8":{"start":{"line":18,"column":2},"end":{"line":18,"column":24}},"9":{"start":{"line":21,"column":16},"end":{"line":39,"column":1}},"10":{"start":{"line":22,"column":15},"end":{"line":22,"column":36}},"11":{"start":{"line":23,"column":14},"end":{"line":23,"column":35}},"12":{"start":{"line":24,"column":2},"end":{"line":38,"column":3}},"13":{"start":{"line":25,"column":4},"end":{"line":32,"column":7}},"14":{"start":{"line":26,"column":6},"end":{"line":30,"column":7}},"15":{"start":{"line":27,"column":8},"end":{"line":29,"column":11}},"16":{"start":{"line":31,"column":6},"end":{"line":31,"column":89}},"17":{"start":{"line":34,"column":4},"end":{"line":37,"column":7}},"18":{"start":{"line":41,"column":17},"end":{"line":59,"column":1}},"19":{"start":{"line":42,"column":15},"end":{"line":42,"column":36}},"20":{"start":{"line":43,"column":14},"end":{"line":43,"column":35}},"21":{"start":{"line":44,"column":2},"end":{"line":58,"column":3}},"22":{"start":{"line":45,"column":4},"end":{"line":52,"column":7}},"23":{"start":{"line":46,"column":6},"end":{"line":50,"column":7}},"24":{"start":{"line":47,"column":8},"end":{"line":49,"column":11}},"25":{"start":{"line":51,"column":6},"end":{"line":51,"column":85}},"26":{"start":{"line":54,"column":4},"end":{"line":57,"column":7}},"27":{"start":{"line":61,"column":0},"end":{"line":61,"column":30}},"28":{"start":{"line":62,"column":0},"end":{"line":62,"column":32}}},"fnMap":{"0":{"name":"_interopRequireDefault","decl":{"start":{"line":14,"column":9},"end":{"line":14,"column":31}},"loc":{"start":{"line":14,"column":37},"end":{"line":14,"column":95}},"line":14},"1":{"name":"searchQuery","decl":{"start":{"line":16,"column":27},"end":{"line":16,"column":38}},"loc":{"start":{"line":16,"column":64},"end":{"line":19,"column":1}},"line":16},"2":{"name":"searchDoc","decl":{"start":{"line":21,"column":25},"end":{"line":21,"column":34}},"loc":{"start":{"line":21,"column":45},"end":{"line":39,"column":1}},"line":21},"3":{"name":"(anonymous_3)","decl":{"start":{"line":25,"column":89},"end":{"line":25,"column":90}},"loc":{"start":{"line":25,"column":107},"end":{"line":32,"column":5}},"line":25},"4":{"name":"searchUser","decl":{"start":{"line":41,"column":26},"end":{"line":41,"column":36}},"loc":{"start":{"line":41,"column":47},"end":{"line":59,"column":1}},"line":41},"5":{"name":"(anonymous_5)","decl":{"start":{"line":45,"column":97},"end":{"line":45,"column":98}},"loc":{"start":{"line":45,"column":115},"end":{"line":52,"column":5}},"line":45}},"branchMap":{"0":{"loc":{"start":{"line":14,"column":46},"end":{"line":14,"column":92}},"type":"cond-expr","locations":[{"start":{"line":14,"column":70},"end":{"line":14,"column":73}},{"start":{"line":14,"column":76},"end":{"line":14,"column":92}}],"line":14},"1":{"loc":{"start":{"line":14,"column":46},"end":{"line":14,"column":67}},"type":"binary-expr","locations":[{"start":{"line":14,"column":46},"end":{"line":14,"column":49}},{"start":{"line":14,"column":53},"end":{"line":14,"column":67}}],"line":14},"2":{"loc":{"start":{"line":17,"column":23},"end":{"line":17,"column":199}},"type":"cond-expr","locations":[{"start":{"line":17,"column":28},"end":{"line":17,"column":120}},{"start":{"line":17,"column":123},"end":{"line":17,"column":199}}],"line":17},"3":{"loc":{"start":{"line":22,"column":15},"end":{"line":22,"column":36}},"type":"binary-expr","locations":[{"start":{"line":22,"column":15},"end":{"line":22,"column":31}},{"start":{"line":22,"column":35},"end":{"line":22,"column":36}}],"line":22},"4":{"loc":{"start":{"line":23,"column":14},"end":{"line":23,"column":35}},"type":"binary-expr","locations":[{"start":{"line":23,"column":14},"end":{"line":23,"column":29}},{"start":{"line":23,"column":33},"end":{"line":23,"column":35}}],"line":23},"5":{"loc":{"start":{"line":24,"column":2},"end":{"line":38,"column":3}},"type":"if","locations":[{"start":{"line":24,"column":2},"end":{"line":38,"column":3}},{"start":{"line":24,"column":2},"end":{"line":38,"column":3}}],"line":24},"6":{"loc":{"start":{"line":26,"column":6},"end":{"line":30,"column":7}},"type":"if","locations":[{"start":{"line":26,"column":6},"end":{"line":30,"column":7}},{"start":{"line":26,"column":6},"end":{"line":30,"column":7}}],"line":26},"7":{"loc":{"start":{"line":42,"column":15},"end":{"line":42,"column":36}},"type":"binary-expr","locations":[{"start":{"line":42,"column":15},"end":{"line":42,"column":31}},{"start":{"line":42,"column":35},"end":{"line":42,"column":36}}],"line":42},"8":{"loc":{"start":{"line":43,"column":14},"end":{"line":43,"column":35}},"type":"binary-expr","locations":[{"start":{"line":43,"column":14},"end":{"line":43,"column":29}},{"start":{"line":43,"column":33},"end":{"line":43,"column":35}}],"line":43},"9":{"loc":{"start":{"line":44,"column":2},"end":{"line":58,"column":3}},"type":"if","locations":[{"start":{"line":44,"column":2},"end":{"line":58,"column":3}},{"start":{"line":44,"column":2},"end":{"line":58,"column":3}}],"line":44},"10":{"loc":{"start":{"line":46,"column":6},"end":{"line":50,"column":7}},"type":"if","locations":[{"start":{"line":46,"column":6},"end":{"line":50,"column":7}},{"start":{"line":46,"column":6},"end":{"line":50,"column":7}}],"line":46}},"s":{"0":1,"1":1,"2":1,"3":1,"4":1,"5":1,"6":1,"7":0,"8":0,"9":1,"10":0,"11":0,"12":0,"13":0,"14":0,"15":0,"16":0,"17":0,"18":1,"19":0,"20":0,"21":0,"22":0,"23":0,"24":0,"25":0,"26":0,"27":1,"28":1},"f":{"0":1,"1":0,"2":0,"3":0,"4":0,"5":0},"b":{"0":[0,1],"1":[1,1],"2":[0,0],"3":[0,0],"4":[0,0],"5":[0,0],"6":[0,0],"7":[0,0],"8":[0,0],"9":[0,0],"10":[0,0]},"_coverageSchema":"332fd63041d2c1bcb487cc26dd0d5f7d97098a6c","hash":"221475faf8f06eaa0327dcbf28e7c817511ce654","contentHash":"63f93244d06b83b10002691d4a61c27b_10.2.0"},"/Users/andela/Documents/Work/Document-Management-System/server/routes/document.js":{"path":"/Users/andela/Documents/Work/Document-Management-System/server/routes/document.js","statementMap":{"0":{"start":{"line":3,"column":0},"end":{"line":5,"column":3}},"1":{"start":{"line":7,"column":15},"end":{"line":7,"column":33}},"2":{"start":{"line":9,"column":16},"end":{"line":9,"column":48}},"3":{"start":{"line":11,"column":17},"end":{"line":11,"column":52}},"4":{"start":{"line":13,"column":12},"end":{"line":13,"column":42}},"5":{"start":{"line":15,"column":13},"end":{"line":15,"column":42}},"6":{"start":{"line":17,"column":18},"end":{"line":17,"column":54}},"7":{"start":{"line":19,"column":19},"end":{"line":19,"column":54}},"8":{"start":{"line":21,"column":14},"end":{"line":21,"column":42}},"9":{"start":{"line":23,"column":39},"end":{"line":23,"column":93}},"10":{"start":{"line":25,"column":21},"end":{"line":25,"column":47}},"11":{"start":{"line":50,"column":0},"end":{"line":105,"column":49}},"12":{"start":{"line":107,"column":0},"end":{"line":187,"column":51}},"13":{"start":{"line":189,"column":0},"end":{"line":189,"column":33}}},"fnMap":{"0":{"name":"_interopRequireDefault","decl":{"start":{"line":23,"column":9},"end":{"line":23,"column":31}},"loc":{"start":{"line":23,"column":37},"end":{"line":23,"column":95}},"line":23}},"branchMap":{"0":{"loc":{"start":{"line":23,"column":46},"end":{"line":23,"column":92}},"type":"cond-expr","locations":[{"start":{"line":23,"column":70},"end":{"line":23,"column":73}},{"start":{"line":23,"column":76},"end":{"line":23,"column":92}}],"line":23},"1":{"loc":{"start":{"line":23,"column":46},"end":{"line":23,"column":67}},"type":"binary-expr","locations":[{"start":{"line":23,"column":46},"end":{"line":23,"column":49}},{"start":{"line":23,"column":53},"end":{"line":23,"column":67}}],"line":23}},"s":{"0":1,"1":1,"2":1,"3":1,"4":1,"5":1,"6":1,"7":1,"8":1,"9":3,"10":1,"11":1,"12":1,"13":1},"f":{"0":3},"b":{"0":[2,1],"1":[3,3]},"_coverageSchema":"332fd63041d2c1bcb487cc26dd0d5f7d97098a6c","hash":"dc9c9be5299a0bfeba72a245c5b362185f89bdd0","contentHash":"c40c2ef075bff68b73139e4ead8ae733_10.2.0"},"/Users/andela/Documents/Work/Document-Management-System/server/controllers/documents.js":{"path":"/Users/andela/Documents/Work/Document-Management-System/server/controllers/documents.js","statementMap":{"0":{"start":{"line":3,"column":0},"end":{"line":5,"column":3}},"1":{"start":{"line":6,"column":0},"end":{"line":6,"column":137}},"2":{"start":{"line":8,"column":13},"end":{"line":8,"column":39}},"3":{"start":{"line":10,"column":14},"end":{"line":10,"column":44}},"4":{"start":{"line":12,"column":19},"end":{"line":12,"column":53}},"5":{"start":{"line":14,"column":20},"end":{"line":14,"column":56}},"6":{"start":{"line":16,"column":14},"end":{"line":16,"column":42}},"7":{"start":{"line":18,"column":39},"end":{"line":18,"column":93}},"8":{"start":{"line":20,"column":15},"end":{"line":20,"column":40}},"9":{"start":{"line":22,"column":21},"end":{"line":37,"column":1}},"10":{"start":{"line":23,"column":11},"end":{"line":23,"column":25}},"11":{"start":{"line":24,"column":13},"end":{"line":24,"column":21}},"12":{"start":{"line":25,"column":2},"end":{"line":25,"column":20}},"13":{"start":{"line":26,"column":2},"end":{"line":26,"column":47}},"14":{"start":{"line":27,"column":2},"end":{"line":36,"column":5}},"15":{"start":{"line":28,"column":4},"end":{"line":28,"column":33}},"16":{"start":{"line":30,"column":16},"end":{"line":30,"column":50}},"17":{"start":{"line":31,"column":4},"end":{"line":31,"column":24}},"18":{"start":{"line":32,"column":4},"end":{"line":35,"column":7}},"19":{"start":{"line":39,"column":22},"end":{"line":55,"column":1}},"20":{"start":{"line":40,"column":14},"end":{"line":40,"column":20}},"21":{"start":{"line":41,"column":14},"end":{"line":41,"column":20}},"22":{"start":{"line":42,"column":15},"end":{"line":42,"column":21}},"23":{"start":{"line":43,"column":2},"end":{"line":47,"column":3}},"24":{"start":{"line":44,"column":4},"end":{"line":44,"column":26}},"25":{"start":{"line":46,"column":4},"end":{"line":46,"column":39}},"26":{"start":{"line":48,"column":2},"end":{"line":51,"column":3}},"27":{"start":{"line":49,"column":4},"end":{"line":49,"column":34}},"28":{"start":{"line":50,"column":4},"end":{"line":50,"column":35}},"29":{"start":{"line":52,"column":2},"end":{"line":54,"column":5}},"30":{"start":{"line":53,"column":4},"end":{"line":53,"column":94}},"31":{"start":{"line":57,"column":22},"end":{"line":75,"column":1}},"32":{"start":{"line":58,"column":11},"end":{"line":58,"column":25}},"33":{"start":{"line":59,"column":2},"end":{"line":74,"column":5}},"34":{"start":{"line":60,"column":4},"end":{"line":67,"column":5}},"35":{"start":{"line":61,"column":6},"end":{"line":61,"column":37}},"36":{"start":{"line":63,"column":6},"end":{"line":66,"column":9}},"37":{"start":{"line":69,"column":16},"end":{"line":69,"column":50}},"38":{"start":{"line":70,"column":4},"end":{"line":73,"column":7}},"39":{"start":{"line":77,"column":21},"end":{"line":98,"column":1}},"40":{"start":{"line":78,"column":11},"end":{"line":78,"column":25}},"41":{"start":{"line":79,"column":2},"end":{"line":97,"column":5}},"42":{"start":{"line":80,"column":4},"end":{"line":84,"column":5}},"43":{"start":{"line":81,"column":6},"end":{"line":83,"column":9}},"44":{"start":{"line":85,"column":4},"end":{"line":96,"column":5}},"45":{"start":{"line":86,"column":6},"end":{"line":90,"column":9}},"46":{"start":{"line":87,"column":8},"end":{"line":87,"column":28}},"47":{"start":{"line":89,"column":8},"end":{"line":89,"column":28}},"48":{"start":{"line":92,"column":6},"end":{"line":95,"column":9}},"49":{"start":{"line":100,"co
[...]
"line":221},"50":{"name":"(anonymous_50)","decl":{"start":{"line":227,"column":25},"end":{"line":227,"column":26}},"loc":{"start":{"line":227,"column":45},"end":{"line":231,"column":7}},"line":227},"51":{"name":"(anonymous_51)","decl":{"start":{"line":233,"column":71},"end":{"line":233,"column":72}},"loc":{"start":{"line":233,"column":87},"end":{"line":245,"column":5}},"line":233},"52":{"name":"(anonymous_52)","decl":{"start":{"line":240,"column":25},"end":{"line":240,"column":26}},"loc":{"start":{"line":240,"column":45},"end":{"line":244,"column":7}},"line":240},"53":{"name":"(anonymous_53)","decl":{"start":{"line":246,"column":75},"end":{"line":246,"column":76}},"loc":{"start":{"line":246,"column":91},"end":{"line":258,"column":5}},"line":246},"54":{"name":"(anonymous_54)","decl":{"start":{"line":253,"column":25},"end":{"line":253,"column":26}},"loc":{"start":{"line":253,"column":45},"end":{"line":257,"column":7}},"line":253},"55":{"name":"(anonymous_55)","decl":{"start":{"line":259,"column":76},"end":{"line":259,"column":77}},"loc":{"start":{"line":259,"column":92},"end":{"line":271,"column":5}},"line":259},"56":{"name":"(anonymous_56)","decl":{"start":{"line":266,"column":25},"end":{"line":266,"column":26}},"loc":{"start":{"line":266,"column":45},"end":{"line":270,"column":7}},"line":266},"57":{"name":"(anonymous_57)","decl":{"start":{"line":272,"column":52},"end":{"line":272,"column":53}},"loc":{"start":{"line":272,"column":68},"end":{"line":283,"column":5}},"line":272},"58":{"name":"(anonymous_58)","decl":{"start":{"line":278,"column":25},"end":{"line":278,"column":26}},"loc":{"start":{"line":278,"column":45},"end":{"line":282,"column":7}},"line":278},"59":{"name":"(anonymous_59)","decl":{"start":{"line":284,"column":71},"end":{"line":284,"column":72}},"loc":{"start":{"line":284,"column":87},"end":{"line":296,"column":5}},"line":284},"60":{"name":"(anonymous_60)","decl":{"start":{"line":291,"column":25},"end":{"line":291,"column":26}},"loc":{"start":{"line":291,"column":45},"end":{"line":295,"column":7}},"line":291},"61":{"name":"(anonymous_61)","decl":{"start":{"line":297,"column":50},"end":{"line":297,"column":51}},"loc":{"start":{"line":297,"column":66},"end":{"line":309,"column":5}},"line":297},"62":{"name":"(anonymous_62)","decl":{"start":{"line":304,"column":25},"end":{"line":304,"column":26}},"loc":{"start":{"line":304,"column":45},"end":{"line":308,"column":7}},"line":304},"63":{"name":"(anonymous_63)","decl":{"start":{"line":310,"column":53},"end":{"line":310,"column":54}},"loc":{"start":{"line":310,"column":69},"end":{"line":322,"column":5}},"line":310},"64":{"name":"(anonymous_64)","decl":{"start":{"line":317,"column":25},"end":{"line":317,"column":26}},"loc":{"start":{"line":317,"column":45},"end":{"line":321,"column":7}},"line":317},"65":{"name":"(anonymous_65)","decl":{"start":{"line":324,"column":33},"end":{"line":324,"column":34}},"loc":{"start":{"line":324,"column":45},"end":{"line":347,"column":3}},"line":324},"66":{"name":"(anonymous_66)","decl":{"start":{"line":325,"column":58},"end":{"line":325,"column":59}},"loc":{"start":{"line":325,"column":74},"end":{"line":332,"column":5}},"line":325},"67":{"name":"(anonymous_67)","decl":{"start":{"line":326,"column":90},"end":{"line":326,"column":91}},"loc":{"start":{"line":326,"column":110},"end":{"line":331,"column":7}},"line":326},"68":{"name":"(anonymous_68)","decl":{"start":{"line":333,"column":48},"end":{"line":333,"column":49}},"loc":{"start":{"line":333,"column":64},"end":{"line":340,"column":5}},"line":333},"69":{"name":"(anonymous_69)","decl":{"start":{"line":334,"column":95},"end":{"line":334,"column":96}},"loc":{"start":{"line":334,"column":115},"end":{"line":339,"column":7}},"line":334},"70":{"name":"(anonymous_70)","decl":{"start":{"line":341,"column":45},"end":{"line":341,"column":46}},"loc":{"start":{"line":341,"column":61},"end":{"line":346,"column":5}},"line":341},"71":{"name":"(anonymous_71)","decl":{"start":{"line":342,"column":98},"end":{"line":342,"column":99}},"loc":{"start":{"line":342,"column":118},"end":{"line":345,"column":7}},"line":342},"72":{"name":"(anonymous_72)","decl":{"start":{"line":348,"column":29},"end":{"line":348,"column":30}},"loc":{"start":{"line":348,"column":41},"end":{"line":380,"column":3}},"line":348},"73":{"name":"(anonymous_73)","decl":{"start":{"line":349,"column":76},"end":{"line":349,"column":77}},"loc":{"start":{"line":349,"column":92},"end":{"line":354,"column":5}},"line":349},"74":{"name":"(anonymous_74)","decl":{"start":{"line":350,"column":76},"end":{"line":350,"column":77}},"loc":{"start":{"line":350,"column":96},"end":{"line":353,"column":7}},"line":350},"75":{"name":"(anonymous_75)","decl":{"start":{"line":355,"column":41},"end":{"line":355,"column":42}},"loc":{"start":{"line":355,"column":57},"end":{"line":361,"column":5}},"line":355},"76":{"name":"(anonymous_76)","decl":{"start":{"line":356,"column":85},"end":{"line":356,"column":86}},"loc":{"start":{"line":356,"column":105},"end":{"line":360,"column":7}},"line":356},"77":{"name":"(anonymous_77)","decl":{"start":{"line":362,"column":75},"end":{"line":362,"column":76}},"loc":{"start":{"line":362,"column":91},"end":{"line":367,"column":5}},"line":362},"78":{"name":"(anonymous_78)","decl":{"start":{"line":363,"column":86},"end":{"line":363,"column":87}},"loc":{"start":{"line":363,"column":106},"end":{"line":366,"column":7}},"line":363},"79":{"name":"(anonymous_79)","decl":{"start":{"line":368,"column":61},"end":{"line":368,"column":62}},"loc":{"start":{"line":368,"column":77},"end":{"line":373,"column":5}},"line":368},"80":{"name":"(anonymous_80)","decl":{"start":{"line":369,"column":86},"end":{"line":369,"column":87}},"loc":{"start":{"line":369,"column":106},"end":{"line":372,"column":7}},"line":369},"81":{"name":"(anonymous_81)","decl":{"start":{"line":374,"column":45},"end":{"line":374,"column":46}},"loc":{"start":{"line":374,"column":61},"end":{"line":379,"column":5}},"line":374},"82":{"name":"(anonymous_82)","decl":{"start":{"line":375,"column":94},"end":{"line":375,"column":95}},"loc":{"start":{"line":375,"column":114},"end":{"line":378,"column":7}},"line":375},"83":{"name":"(anonymous_83)","decl":{"start":{"line":382,"column":36},"end":{"line":382,"column":37}},"loc":{"start":{"line":382,"column":48},"end":{"line":431,"column":3}},"line":382},"84":{"name":"(anonymous_84)","decl":{"start":{"line":383,"column":37},"end":{"line":383,"column":38}},"loc":{"start":{"line":383,"column":53},"end":{"line":392,"column":5}},"line":383},"85":{"name":"(anonymous_85)","decl":{"start":{"line":387,"column":25},"end":{"line":387,"column":26}},"loc":{"start":{"line":387,"column":45},"end":{"line":391,"column":7}},"line":387},"86":{"name":"(anonymous_86)","decl":{"start":{"line":393,"column":51},"end":{"line":393,"column":52}},"loc":{"start":{"line":393,"column":67},"end":{"line":401,"column":5}},"line":393},"87":{"name":"(anonymous_87)","decl":{"start":{"line":396,"column":25},"end":{"line":396,"column":26}},"loc":{"start":{"line":396,"column":45},"end":{"line":400,"column":7}},"line":396},"88":{"name":"(anonymous_88)","decl":{"start":{"line":402,"column":53},"end":{"line":402,"column":54}},"loc":{"start":{"line":402,"column":69},"end":{"line":410,"column":5}},"line":402},"89":{"name":"(anonymous_89)","decl":{"start":{"line":405,"column":25},"end":{"line":405,"column":26}},"loc":{"start":{"line":405,"column":45},"end":{"line":409,"column":7}},"line":405},"90":{"name":"(anonymous_90)","decl":{"start":{"line":411,"column":59},"end":{"line":411,"column":60}},"loc":{"start":{"line":411,"column":75},"end":{"line":420,"column":5}},"line":411},"91":{"name":"(anonymous_91)","decl":{"start":{"line":415,"column":25},"end":{"line":415,"column":26}},"loc":{"start":{"line":415,"column":45},"end":{"line":419,"column":7}},"line":415},"92":{"name":"(anonymous_92)","decl":{"start":{"line":421,"column":56},"end":{"line":421,"column":57}},"loc":{"start":{"line":421,"column":72},"end":{"line":430,"column":5}},"line":421},"93":{"name":"(anonymous_93)","decl":{"start":{"line":425,"column":25},"end":{"line":425,"column":26}},"loc":{"start":{"line":425,"column":45},"end":{"line":429,"column":7}},"line":425},"94":{"name":"(anonymous_94)","decl":{"start":{"line":433,"column":33},"end":{"line":433,"column":34}},"loc":{"start":{"line":433,"column":45},"end":{"line":500,"column":3}},"line":433},"95":{"name":"(anonymous_95)","decl":{"start":{"line":434,"column":45},"end":{"line":434,"column":46}},"loc":{"start":{"line":434,"column":61},"end":{"line":442,"column":5}},"line":434},"96":{"name":"(anonymous_96)","decl":{"start":{"line":437,"column":25},"end":{"line":437,"column":26}},"loc":{"start":{"line":437,"column":45},"end":{"line":441,"column":7}},"line":437},"97":{"name":"(anonymous_97)","decl":{"start":{"line":443,"column":66},"end":{"line":443,"column":67}},"loc":{"start":{"line":443,"column":82},"end":{"line":450,"column":5}},"line":443},"98":{"name":"(anonymous_98)","decl":{"start":{"line":446,"column":25},"end":{"line":446,"column":26}},"loc":{"start":{"line":446,"column":45},"end":{"line":449,"column":7}},"line":446},"99":{"name":"(anonymous_99)","decl":{"start":{"line":451,"column":54},"end":{"line":451,"column":55}},"loc":{"start":{"line":451,"column":70},"end":{"line":458,"column":5}},"line":451},"100":{"name":"(anonymous_100)","decl":{"start":{"line":454,"column":25},"end":{"line":454,"column":26}},"loc":{"start":{"line":454,"column":45},"end":{"line":457,"column":7}},"line":454},"101":{"name":"(anonymous_101)","decl":{"start":{"line":459,"column":69},"end":{"line":459,"column":70}},"loc":{"start":{"line":459,"column":85},"end":{"line":466,"column":5}},"line":459},"102":{"name":"(anonymous_102)","decl":{"start":{"line":462,"column":25},"end":{"line":462,"column":26}},"loc":{"start":{"line":462,"column":45},"end":{"line":465,"column":7}},"line":462},"103":{"name":"(anonymous_103)","decl":{"start":{"line":467,"column":70},"end":{"line":467,"column":71}},"loc":{"start":{"line":467,"column":86},"end":{"line":474,"column":5}},"line":467},"104":{"name":"(anonymous_104)","decl":{"start":{"line":470,"column":25},"end":{"line":470,"column":26}},"loc":{"start":{"line":470,"column":45},"end":{"line":473,"column":7}},"line":470},"105":{"name":"(anonymous_105)","decl":{"start":{"line":475,"column":70},"end":{"line":475,"column":71}},"loc":{"start":{"line":475,"column":86},"end":{"line":483,"column":5}},"line":475},"106":{"name":"(anonymous_106)","decl":{"start":{"line":478,"column":25},"end":{"line":478,"column":26}},"loc":{"start":{"line":478,"column":45},"end":{"line":482,"column":7}},"line":478},"107":{"name":"(anonymous_107)","decl":{"start":{"line":484,"column":56},"end":{"line":484,"column":57}},"loc":{"start":{"line":484,"column":72},"end":{"line":491,"column":5}},"line":484},"108":{"name":"(anonymous_108)","decl":{"start":{"line":487,"column":25},"end":{"line":487,"column":26}},"loc":{"start":{"line":487,"column":45},"end":{"line":490,"column":7}},"line":487},"109":{"name":"(anonymous_109)","decl":{"start":{"line":492,"column":51},"end":{"line":492,"column":52}},"loc":{"start":{"line":492,"column":67},"end":{"line":499,"column":5}},"line":492},"110":{"name":"(anonymous_110)","decl":{"start":{"line":495,"column":25},"end":{"line":495,"column":26}},"loc":{"start":{"line":495,"column":45},"end":{"line":498,"column":7}},"line":495},"111":{"name":"(anonymous_111)","decl":{"start":{"line":502,"column":36},"end":{"line":502,"column":37}},"loc":{"start":{"line":502,"column":48},"end":{"line":543,"column":3}},"line":502},"112":{"name":"(anonymous_112)","decl":{"start":{"line":503,"column":31},"end":{"line":503,"column":32}},"loc":{"start":{"line":503,"column":47},"end":{"line":508,"column":5}},"line":503},"113":{"name":"(anonymous_113)","decl":{"start":{"line":504,"column":109},"end":{"line":504,"column":110}},"loc":{"start":{"line":504,"column":129},"end":{"line":507,"column":7}},"line":504},"114":{"name":"(anonymous_114)","decl":{"start":{"line":509,"column":43},"end":{"line":509,"column":44}},"loc":{"start":{"line":509,"column":59},"end":{"line":514,"column":5}},"line":509},"115":{"name":"(anonymous_115)","decl":{"start":{"line":510,"column":98},"end":{"line":510,"column":99}},"loc":{"start":{"line":510,"column":118},"end":{"line":513,"column":7}},"line":510},"116":{"name":"(anonymous_116)","decl":{"start":{"line":515,"column":67},"end":{"line":515,"column":68}},"loc":{"start":{"line":515,"column":83},"end":{"line":521,"column":5}},"line":515},"117":{"name":"(anonymous_117)","decl":{"start":{"line":516,"column":111},"end":{"line":516,"column":112}},"loc":{"start":{"line":516,"column":131},"end":{"line":520,"column":7}},"line":516},"118":{"name":"(anonymous_118)","decl":{"start":{"line":522,"column":54},"end":{"line":522,"column":55}},"loc":{"start":{"line":522,"column":70},"end":{"line":528,"column":5}},"line":522},"119":{"name":"(anonymous_119)","decl":{"start":{"line":523,"column":97},"end":{"line":523,"column":98}},"loc":{"start":{"line":523,"column":117},"end":{"line":527,"column":7}},"line":523},"120":{"name":"(anonymous_120)","decl":{"start":{"line":529,"column":57},"end":{"line":529,"column":58}},"loc":{"start":{"line":529,"column":73},"end":{"line":535,"column":5}},"line":529},"121":{"name":"(anonymous_121)","decl":{"start":{"line":530,"column":117},"end":{"line":530,"column":118}},"loc":{"start":{"line":530,"column":137},"end":{"line":534,"column":7}},"line":530},"122":{"name":"(anonymous_122)","decl":{"start":{"line":536,"column":69},"end":{"line":536,"column":70}},"loc":{"start":{"line":536,"column":85},"end":{"line":542,"column":5}},"line":536},"123":{"name":"(anonymous_123)","decl":{"start":{"line":537,"column":96},"end":{"line":537,"column":97}},"loc":{"start":{"line":537,"column":116},"end":{"line":541,"column":7}},"line":537},"124":{"name":"(anonymous_124)","decl":{"start":{"line":545,"column":43},"end":{"line":545,"column":44}},"loc":{"start":{"line":545,"column":55},"end":{"line":582,"column":3}},"line":545},"125":{"name":"(anonymous_125)","decl":{"start":{"line":546,"column":81},"end":{"line":546,"column":82}},"loc":{"start":{"line":546,"column":97},"end":{"line":551,"column":5}},"line":546},"126":{"name":"(anonymous_126)","decl":{"start":{"line":547,"column":119},"end":{"line":547,"column":120}},"loc":{"start":{"line":547,"column":139},"end":{"line":550,"column":7}},"line":547},"127":{"name":"(anonymous_127)","decl":{"start":{"line":552,"column":65},"end":{"line":552,"column":66}},"loc":{"start":{"line":552,"column":81},"end":{"line":557,"column":5}},"line":552},"128":{"name":"(anonymous_128)","decl":{"start":{"line":553,"column":105},"end":{"line":553,"column":106}},"loc":{"start":{"line":553,"column":125},"end":{"line":556,"column":7}},"line":553},"129":{"name":"(anonymous_129)","decl":{"start":{"line":558,"column":74},"end":{"line":558,"column":75}},"loc":{"start":{"line":558,"column":90},"end":{"line":563,"column":5}},"line":558},"130":{"name":"(anonymous_130)","decl":{"start":{"line":559,"column":126},"end":{"line":559,"column":127}},"loc":{"start":{"line":559,"column":146},"end":{"line":562,"column":7}},"line":559},"131":{"name":"(anonymous_131)","decl":{"start":{"line":564,"column":76},"end":{"line":564,"column":77}},"loc":{"start":{"line":564,"column":92},"end":{"line":569,"column":5}},"line":564},"132":{"name":"(anonymous_132)","decl":{"start":{"line":565,"column":116},"end":{"line":565,"column":117}},"loc":{"start":{"line":565,"column":136},"end":{"line":568,"column":7}},"line":565},"133":{"name":"(anonymous_133)","decl":{"start":{"line":570,"column":59},"end":{"line":570,"column":60}},"loc":{"start":{"line":570,"column":75},"end":{"line":575,"column":5}},"line":570},"134":{"name":"(anonymous_134)","decl":{"start":{"line":571,"column":132},"end":{"line":571,"column":133}},"loc":{"start":{"line":571,"column":152},"end":{"line":574,"column":7}},"line":571},"135":{"name":"(anonymous_135)","decl":{"start":{"line":576,"column":55},"end":{"line":576,"column":56}},"loc":{"start":{"line":576,"column":71},"end":{"line":581,"column":5}},"line":576},"136":{"name":"(anonymous_136)","decl":{"start":{"line":577,"column":106},"end":{"line":577,"column":107}},"loc":{"start":{"line":577,"column":126},"end":{"line":580,"column":7}},"line":577}},"branchMap":{},"s":{"0":1,"1":0,"2":1,"3":1,"4":1,"5":1,"6":1,"7":1,"8":1,"9":1,"10":1,"11":1,"12":1,"13":1,"14":1,"15":1,"16":0,"17":0,"18":0,"19":0,"20":0,"21":0,"22":0,"23":0,"24":0,"25":0,"26":0,"27":0,"28":0,"29":0,"30":0,"31":0,"32":0,"33":1,"34":0,"35":0,"36":0,"37":0,"38":0,"39":1,"40":1,"41":0,"42":0,"43":0,"44":0,"45":0,"46":0,"47":0,"48":0,"49":1,"50":0,"51":0,"52":0,"53":0,"54":0,"55":1,"56":0,"57":0,"58":0,"59":0,"60":1,"61":0,"62":0,"63":0,"64":0,"65":1,"66":0,"67":0,"68":0,"69":0,"70":1,"71":0,"72":0,"73":0,"74":0,"75":1,"76":0,"77":0,"78":0,"79":0,"80":1,"81":0,"82":0,"83":0,"84":0,"85":1,"86":0,"87":0,"88":0,"89":0,"90":1,"91":0,"92":0,"93":0,"94":0,"95":1,"96":0,"97":0,"98":0,"99":0,"100":1,"101":0,"102":0,"103":0,"104":0,"105":1,"106":0,"107":0,"108":0,"109":0,"110":1,"111":0,"112":0,"113":0,"114":0,"115":1,"116":0,"117":0,"118":0,"119":0,"120":1,"121":0,"122":0,"123":0,"124":0,"125":1,"126":0,"127":0,"128":0,"129":0,"130":1,"131":0,"132":0,"133":0,"134":0,"135":1,"136":0,"137":0,"138":0,"139":0,"140":1,"141":0,"142":0,"143":0,"144":0,"145":1,"146":0,"147":0,"148":0,"149":0,"150":1,"151":0,"152":0,"153":0,"154":0,"155":1,"156":0,"157":0,"158":0,"159":0,"160":1,"161":0,"162":0,"163":0,"164":0,"165":1,"166":0,"167":0,"168":0,"169":0,"170":1,"171":0,"172":0,"173":0,"174":0,"175":1,"176":1,"177":0,"178":0,"179":0,"180":0,"181":0,"182":1,"183":0,"184":0,"185":0,"186":0,"187":0,"188":1,"189":0,"190":0,"191":0,"192":1,"193":1,"194":0,"195":0,"196":0,"197":1,"198":0,"199":0,"200":0,"201":0,"202":1,"203":0,"204":0,"205":0,"206":1,"207":0,"208":0,"209":0,"210":1,"211":0,"212":0,"213":0,"214":1,"215":1,"216":0,"217":0,"218":0,"219":1,"220":0,"221":0,"222":0,"223":0,"224":1,"225":0,"226":0,"227":0,"228":0,"229":1,"230":0,"231":0,"232":0,"233":0,"234":1,"235":0,"236":0,"237":0,"238":0,"239":1,"240":1,"241":0,"242":0,"243":0,"244":0,"245":1,"246":0,"247":0,"248":0,"249":1,"250":0,"251":0,"252":0,"253":1,"254":0,"255":0,"256":0,"257":1,"258":0,"259":0,"260":0,"261":1,"262":0,"263":0,"264":0,"265":0,"266":1,"267":0,"268":0,"269":0,"270":1,"271":0,"272":0,"273":0,"274":1,"275":1,"276":0,"277":0,"278":0,"279":1,"280":0,"281":0,"282":0,"283":1,"284":0,"285":0,"286":0,"287":0,"288":1,"289":0,"290":0,"291":0,"292":0,"293":1,"294":0,"295":0,"296":0,"297":1,"298":0,"299":0,"300":0,"301":0,"302":1,"303":1,"304":0,"305":0,"306":0,"307":1,"308":0,"309":0,"310":0,"311":1,"312":0,"313":0,"314":0,"315":1,"316":0,"317":0,"318":0,"319":1,"320":0,"321":0,"322":0,"323":1,"324":0,"325":0,"326":0},"f":{"0":0,"1":1,"2":0,"3":0,"4":0,"5":0,"6":0,"7":0,"8":0,"9":0,"10":0,"11":0,"12":1,"13":0,"14":0,"15":0,"16":0,"17":0,"18":0,"19":0,"20":0,"21":0,"22":0,"23":0,"24":0,"25":0,"26":0,"27":0,"28":0,"29":0,"30":0,"31":0,"32":0,"33":0,"34":0,"35":0,"36":0,"37":0,"38":0,"39":0,"40":0,"41":0,"42":0,"43":0,"44":0,"45":0,"46":0,"47":0,"48":0,"49":0,"50":0,"51":0,"52":0,"53":0,"54":0,"55":0,"56":0,"57":0,"58":0,"59":0,"60":0,"61":0,"62":0,"63":0,"64":0,"65":1,"66":0,"67":0,"68":0,"69":0,"70":0,"71":0,"72":1,"73":0,"74":0,"75":0,"76":0,"77":0,"78":0,"79":0,"80":0,"81":0,"82":0,"83":1,"84":0,"85":0,"86":0,"87":0,"88":0,"89":0,"90":0,"91":0,"92":0,"93":0,"94":1,"95":0,"96":0,"97":0,"98":0,"99":0,"100":0,"101":0,"102":0,"103":0,"104":0,"105":0,"106":0,"107":0,"108":0,"109":0,"110":0,"111":1,"112":0,"113":0,"114":0,"115":0,"116":0,"117":0,"118":0,"119":0,"120":0,"121":0,"122":0,"123":0,"124":1,"125":0,"126":0,"127":0,"128":0,"129":0,"130":0,"131":0,"132":0,"133":0,"134":0,"135":0,"136":0},"b":{},"_coverageSchema":"332fd63041d2c1bcb487cc26dd0d5f7d97098a6c","hash":"b6de440317962ae2b74895254e355634e6db63ec","contentHash":"c53e8f9e0d11559bdfe836d4d2be5575_10.2.0"}}